This is pdfTeX, Version 3.1415926-2.5-1.40.14 (TeX Live 2013/Debian) (format=pdflatex 2015.3.28)  16 MAY 2016 15:03
entering extended mode
 restricted \write18 enabled.
 %&-line parsing enabled.
**transition_matrix_paper_science_supplement.tex
(./transition_matrix_paper_science_supplement.tex
LaTeX2e <2011/06/27>
Babel <3.9h> and hyphenation patterns for 4 languages loaded.
(/usr/share/texlive/texmf-dist/tex/latex/base/article.cls
Document Class: article 2007/10/19 v1.4h Standard LaTeX document class
(/usr/share/texlive/texmf-dist/tex/latex/base/size10.clo
File: size10.clo 2007/10/19 v1.4h Standard LaTeX file (size option)
)
\c@part=\count79
\c@section=\count80
\c@subsection=\count81
\c@subsubsection=\count82
\c@paragraph=\count83
\c@subparagraph=\count84
\c@figure=\count85
\c@table=\count86
\abovecaptionskip=\skip41
\belowcaptionskip=\skip42
\bibindent=\dimen102
)
(/usr/share/texlive/texmf-dist/tex/latex/base/fontenc.sty
Package: fontenc 2005/09/27 v1.99g Standard LaTeX package

(/usr/share/texlive/texmf-dist/tex/latex/base/t1enc.def
File: t1enc.def 2005/09/27 v1.99g Standard LaTeX file
LaTeX Font Info:    Redeclaring font encoding T1 on input line 43.
))
(/usr/share/texlive/texmf-dist/tex/lualatex/luainputenc/luainputenc.sty
Package: luainputenc 2010/11/19 v0.973 inputenc package for LuaTeX

(/usr/share/texlive/texmf-dist/tex/generic/oberdiek/ifluatex.sty
Package: ifluatex 2010/03/01 v1.3 Provides the ifluatex switch (HO)
Package ifluatex Info: LuaTeX not detected.
)
(/usr/share/texlive/texmf-dist/tex/generic/ifxetex/ifxetex.sty
Package: ifxetex 2010/09/12 v0.6 Provides ifxetex conditional
)
(/usr/share/texlive/texmf-dist/tex/latex/base/inputenc.sty
Package: inputenc 2008/03/30 v1.1d Input encoding file
\inpenc@prehook=\toks14
\inpenc@posthook=\toks15

(/usr/share/texlive/texmf-dist/tex/latex/base/utf8.def
File: utf8.def 2008/04/05 v1.1m UTF-8 support for inputenc
Now handling font encoding OML ...
... no UTF-8 mapping file for font encoding OML
Now handling font encoding T1 ...
... processing UTF-8 mapping file for font encoding T1

(/usr/share/texlive/texmf-dist/tex/latex/base/t1enc.dfu
File: t1enc.dfu 2008/04/05 v1.1m UTF-8 support for inputenc
   defining Unicode char U+00A1 (decimal 161)
   defining Unicode char U+00A3 (decimal 163)
   defining Unicode char U+00AB (decimal 171)
   defining Unicode char U+00BB (decimal 187)
   defining Unicode char U+00BF (decimal 191)
   defining Unicode char U+00C0 (decimal 192)
   defining Unicode char U+00C1 (decimal 193)
   defining Unicode char U+00C2 (decimal 194)
   defining Unicode char U+00C3 (decimal 195)
   defining Unicode char U+00C4 (decimal 196)
   defining Unicode char U+00C5 (decimal 197)
   defining Unicode char U+00C6 (decimal 198)
   defining Unicode char U+00C7 (decimal 199)
   defining Unicode char U+00C8 (decimal 200)
   defining Unicode char U+00C9 (decimal 201)
   defining Unicode char U+00CA (decimal 202)
   defining Unicode char U+00CB (decimal 203)
   defining Unicode char U+00CC (decimal 204)
   defining Unicode char U+00CD (decimal 205)
   defining Unicode char U+00CE (decimal 206)
   defining Unicode char U+00CF (decimal 207)
   defining Unicode char U+00D0 (decimal 208)
   defining Unicode char U+00D1 (decimal 209)
   defining Unicode char U+00D2 (decimal 210)
   defining Unicode char U+00D3 (decimal 211)
   defining Unicode char U+00D4 (decimal 212)
   defining Unicode char U+00D5 (decimal 213)
   defining Unicode char U+00D6 (decimal 214)
   defining Unicode char U+00D8 (decimal 216)
   defining Unicode char U+00D9 (decimal 217)
   defining Unicode char U+00DA (decimal 218)
   defining Unicode char U+00DB (decimal 219)
   defining Unicode char U+00DC (decimal 220)
   defining Unicode char U+00DD (decimal 221)
   defining Unicode char U+00DE (decimal 222)
   defining Unicode char U+00DF (decimal 223)
   defining Unicode char U+00E0 (decimal 224)
   defining Unicode char U+00E1 (decimal 225)
   defining Unicode char U+00E2 (decimal 226)
   defining Unicode char U+00E3 (decimal 227)
   defining Unicode char U+00E4 (decimal 228)
   defining Unicode char U+00E5 (decimal 229)
   defining Unicode char U+00E6 (decimal 230)
   defining Unicode char U+00E7 (decimal 231)
   defining Unicode char U+00E8 (decimal 232)
   defining Unicode char U+00E9 (decimal 233)
   defining Unicode char U+00EA (decimal 234)
   defining Unicode char U+00EB (decimal 235)
   defining Unicode char U+00EC (decimal 236)
   defining Unicode char U+00ED (decimal 237)
   defining Unicode char U+00EE (decimal 238)
   defining Unicode char U+00EF (decimal 239)
   defining Unicode char U+00F0 (decimal 240)
   defining Unicode char U+00F1 (decimal 241)
   defining Unicode char U+00F2 (decimal 242)
   defining Unicode char U+00F3 (decimal 243)
   defining Unicode char U+00F4 (decimal 244)
   defining Unicode char U+00F5 (decimal 245)
   defining Unicode char U+00F6 (decimal 246)
   defining Unicode char U+00F8 (decimal 248)
   defining Unicode char U+00F9 (decimal 249)
   defining Unicode char U+00FA (decimal 250)
   defining Unicode char U+00FB (decimal 251)
   defining Unicode char U+00FC (decimal 252)
   defining Unicode char U+00FD (decimal 253)
   defining Unicode char U+00FE (decimal 254)
   defining Unicode char U+00FF (decimal 255)
   defining Unicode char U+0102 (decimal 258)
   defining Unicode char U+0103 (decimal 259)
   defining Unicode char U+0104 (decimal 260)
   defining Unicode char U+0105 (decimal 261)
   defining Unicode char U+0106 (decimal 262)
   defining Unicode char U+0107 (decimal 263)
   defining Unicode char U+010C (decimal 268)
   defining Unicode char U+010D (decimal 269)
   defining Unicode char U+010E (decimal 270)
   defining Unicode char U+010F (decimal 271)
   defining Unicode char U+0110 (decimal 272)
   defining Unicode char U+0111 (decimal 273)
   defining Unicode char U+0118 (decimal 280)
   defining Unicode char U+0119 (decimal 281)
   defining Unicode char U+011A (decimal 282)
   defining Unicode char U+011B (decimal 283)
   defining Unicode char U+011E (decimal 286)
   defining Unicode char U+011F (decimal 287)
   defining Unicode char U+0130 (decimal 304)
   defining Unicode char U+0131 (decimal 305)
   defining Unicode char U+0132 (decimal 306)
   defining Unicode char U+0133 (decimal 307)
   defining Unicode char U+0139 (decimal 313)
   defining Unicode char U+013A (decimal 314)
   defining Unicode char U+013D (decimal 317)
   defining Unicode char U+013E (decimal 318)
   defining Unicode char U+0141 (decimal 321)
   defining Unicode char U+0142 (decimal 322)
   defining Unicode char U+0143 (decimal 323)
   defining Unicode char U+0144 (decimal 324)
   defining Unicode char U+0147 (decimal 327)
   defining Unicode char U+0148 (decimal 328)
   defining Unicode char U+014A (decimal 330)
   defining Unicode char U+014B (decimal 331)
   defining Unicode char U+0150 (decimal 336)
   defining Unicode char U+0151 (decimal 337)
   defining Unicode char U+0152 (decimal 338)
   defining Unicode char U+0153 (decimal 339)
   defining Unicode char U+0154 (decimal 340)
   defining Unicode char U+0155 (decimal 341)
   defining Unicode char U+0158 (decimal 344)
   defining Unicode char U+0159 (decimal 345)
   defining Unicode char U+015A (decimal 346)
   defining Unicode char U+015B (decimal 347)
   defining Unicode char U+015E (decimal 350)
   defining Unicode char U+015F (decimal 351)
   defining Unicode char U+0160 (decimal 352)
   defining Unicode char U+0161 (decimal 353)
   defining Unicode char U+0162 (decimal 354)
   defining Unicode char U+0163 (decimal 355)
   defining Unicode char U+0164 (decimal 356)
   defining Unicode char U+0165 (decimal 357)
   defining Unicode char U+016E (decimal 366)
   defining Unicode char U+016F (decimal 367)
   defining Unicode char U+0170 (decimal 368)
   defining Unicode char U+0171 (decimal 369)
   defining Unicode char U+0178 (decimal 376)
   defining Unicode char U+0179 (decimal 377)
   defining Unicode char U+017A (decimal 378)
   defining Unicode char U+017B (decimal 379)
   defining Unicode char U+017C (decimal 380)
   defining Unicode char U+017D (decimal 381)
   defining Unicode char U+017E (decimal 382)
   defining Unicode char U+200C (decimal 8204)
   defining Unicode char U+2013 (decimal 8211)
   defining Unicode char U+2014 (decimal 8212)
   defining Unicode char U+2018 (decimal 8216)
   defining Unicode char U+2019 (decimal 8217)
   defining Unicode char U+201A (decimal 8218)
   defining Unicode char U+201C (decimal 8220)
   defining Unicode char U+201D (decimal 8221)
   defining Unicode char U+201E (decimal 8222)
   defining Unicode char U+2030 (decimal 8240)
   defining Unicode char U+2031 (decimal 8241)
   defining Unicode char U+2039 (decimal 8249)
   defining Unicode char U+203A (decimal 8250)
   defining Unicode char U+2423 (decimal 9251)
)
Now handling font encoding OT1 ...
... processing UTF-8 mapping file for font encoding OT1

(/usr/share/texlive/texmf-dist/tex/latex/base/ot1enc.dfu
File: ot1enc.dfu 2008/04/05 v1.1m UTF-8 support for inputenc
   defining Unicode char U+00A1 (decimal 161)
   defining Unicode char U+00A3 (decimal 163)
   defining Unicode char U+00B8 (decimal 184)
   defining Unicode char U+00BF (decimal 191)
   defining Unicode char U+00C5 (decimal 197)
   defining Unicode char U+00C6 (decimal 198)
   defining Unicode char U+00D8 (decimal 216)
   defining Unicode char U+00DF (decimal 223)
   defining Unicode char U+00E6 (decimal 230)
   defining Unicode char U+00EC (decimal 236)
   defining Unicode char U+00ED (decimal 237)
   defining Unicode char U+00EE (decimal 238)
   defining Unicode char U+00EF (decimal 239)
   defining Unicode char U+00F8 (decimal 248)
   defining Unicode char U+0131 (decimal 305)
   defining Unicode char U+0141 (decimal 321)
   defining Unicode char U+0142 (decimal 322)
   defining Unicode char U+0152 (decimal 338)
   defining Unicode char U+0153 (decimal 339)
   defining Unicode char U+2013 (decimal 8211)
   defining Unicode char U+2014 (decimal 8212)
   defining Unicode char U+2018 (decimal 8216)
   defining Unicode char U+2019 (decimal 8217)
   defining Unicode char U+201C (decimal 8220)
   defining Unicode char U+201D (decimal 8221)
)
Now handling font encoding OMS ...
... processing UTF-8 mapping file for font encoding OMS

(/usr/share/texlive/texmf-dist/tex/latex/base/omsenc.dfu
File: omsenc.dfu 2008/04/05 v1.1m UTF-8 support for inputenc
   defining Unicode char U+00A7 (decimal 167)
   defining Unicode char U+00B6 (decimal 182)
   defining Unicode char U+00B7 (decimal 183)
   defining Unicode char U+2020 (decimal 8224)
   defining Unicode char U+2021 (decimal 8225)
   defining Unicode char U+2022 (decimal 8226)
)
Now handling font encoding OMX ...
... no UTF-8 mapping file for font encoding OMX
Now handling font encoding U ...
... no UTF-8 mapping file for font encoding U
   defining Unicode char U+00A9 (decimal 169)
   defining Unicode char U+00AA (decimal 170)
   defining Unicode char U+00AE (decimal 174)
   defining Unicode char U+00BA (decimal 186)
   defining Unicode char U+02C6 (decimal 710)
   defining Unicode char U+02DC (decimal 732)
   defining Unicode char U+200C (decimal 8204)
   defining Unicode char U+2026 (decimal 8230)
   defining Unicode char U+2122 (decimal 8482)
   defining Unicode char U+2423 (decimal 9251)
)))
(/usr/share/texlive/texmf-dist/tex/latex/tools/array.sty
Package: array 2008/09/09 v2.4c Tabular extension package (FMi)
\col@sep=\dimen103
\extrarowheight=\dimen104
\NC@list=\toks16
\extratabsurround=\skip43
\backup@length=\skip44
)
(/usr/share/texlive/texmf-dist/tex/latex/float/float.sty
Package: float 2001/11/08 v1.3d Float enhancements (AL)
\c@float@type=\count87
\float@exts=\toks17
\float@box=\box26
\@float@everytoks=\toks18
\@floatcapt=\box27
)
(/usr/share/texlive/texmf-dist/tex/latex/multirow/multirow.sty
\bigstrutjot=\dimen105
)
(/usr/share/texlive/texmf-dist/tex/latex/amsmath/amsmath.sty
Package: amsmath 2013/01/14 v2.14 AMS math features
\@mathmargin=\skip45

For additional information on amsmath, use the `?' option.
(/usr/share/texlive/texmf-dist/tex/latex/amsmath/amstext.sty
Package: amstext 2000/06/29 v2.01

(/usr/share/texlive/texmf-dist/tex/latex/amsmath/amsgen.sty
File: amsgen.sty 1999/11/30 v2.0
\@emptytoks=\toks19
\ex@=\dimen106
))
(/usr/share/texlive/texmf-dist/tex/latex/amsmath/amsbsy.sty
Package: amsbsy 1999/11/29 v1.2d
\pmbraise@=\dimen107
)
(/usr/share/texlive/texmf-dist/tex/latex/amsmath/amsopn.sty
Package: amsopn 1999/12/14 v2.01 operator names
)
\inf@bad=\count88
LaTeX Info: Redefining \frac on input line 210.
\uproot@=\count89
\leftroot@=\count90
LaTeX Info: Redefining \overline on input line 306.
\classnum@=\count91
\DOTSCASE@=\count92
LaTeX Info: Redefining \ldots on input line 378.
LaTeX Info: Redefining \dots on input line 381.
LaTeX Info: Redefining \cdots on input line 466.
\Mathstrutbox@=\box28
\strutbox@=\box29
\big@size=\dimen108
LaTeX Font Info:    Redeclaring font encoding OML on input line 566.
LaTeX Font Info:    Redeclaring font encoding OMS on input line 567.
\macc@depth=\count93
\c@MaxMatrixCols=\count94
\dotsspace@=\muskip10
\c@parentequation=\count95
\dspbrk@lvl=\count96
\tag@help=\toks20
\row@=\count97
\column@=\count98
\maxfields@=\count99
\andhelp@=\toks21
\eqnshift@=\dimen109
\alignsep@=\dimen110
\tagshift@=\dimen111
\tagwidth@=\dimen112
\totwidth@=\dimen113
\lineht@=\dimen114
\@envbody=\toks22
\multlinegap=\skip46
\multlinetaggap=\skip47
\mathdisplay@stack=\toks23
LaTeX Info: Redefining \[ on input line 2665.
LaTeX Info: Redefining \] on input line 2666.
)
(/usr/share/texlive/texmf-dist/tex/latex/graphics/graphicx.sty
Package: graphicx 1999/02/16 v1.0f Enhanced LaTeX Graphics (DPC,SPQR)

(/usr/share/texlive/texmf-dist/tex/latex/graphics/keyval.sty
Package: keyval 1999/03/16 v1.13 key=value parser (DPC)
\KV@toks@=\toks24
)
(/usr/share/texlive/texmf-dist/tex/latex/graphics/graphics.sty
Package: graphics 2009/02/05 v1.0o Standard LaTeX Graphics (DPC,SPQR)

(/usr/share/texlive/texmf-dist/tex/latex/graphics/trig.sty
Package: trig 1999/03/16 v1.09 sin cos tan (DPC)
)
(/usr/share/texlive/texmf-dist/tex/latex/latexconfig/graphics.cfg
File: graphics.cfg 2010/04/23 v1.9 graphics configuration of TeX Live
)
Package graphics Info: Driver file: pdftex.def on input line 91.

(/usr/share/texlive/texmf-dist/tex/latex/pdftex-def/pdftex.def
File: pdftex.def 2011/05/27 v0.06d Graphics/color for pdfTeX

(/usr/share/texlive/texmf-dist/tex/generic/oberdiek/infwarerr.sty
Package: infwarerr 2010/04/08 v1.3 Providing info/warning/error messages (HO)
)
(/usr/share/texlive/texmf-dist/tex/generic/oberdiek/ltxcmds.sty
Package: ltxcmds 2011/11/09 v1.22 LaTeX kernel commands for general use (HO)
)
\Gread@gobject=\count100
))
\Gin@req@height=\dimen115
\Gin@req@width=\dimen116
)
(/usr/share/texlive/texmf-dist/tex/generic/ulem/ulem.sty
\UL@box=\box30
\UL@hyphenbox=\box31
\UL@skip=\skip48
\UL@hook=\toks25
\UL@height=\dimen117
\UL@pe=\count101
\UL@pixel=\dimen118
\ULC@box=\box32
Package: ulem 2012/05/18
\ULdepth=\dimen119
)
(/usr/share/texlive/texmf-dist/tex/latex/preprint/authblk.sty
Package: authblk 2001/02/27 1.3 (PWD)
\affilsep=\skip49
\@affilsep=\skip50
\c@Maxaffil=\count102
\c@authors=\count103
\c@affil=\count104
)
(/usr/share/texlive/texmf-dist/tex/latex/subfig/subfig.sty
Package: subfig 2005/06/28 ver: 1.3 subfig package

(/usr/share/texlive/texmf-dist/tex/latex/caption/caption.sty
Package: caption 2013/05/02 v3.3-89 Customizing captions (AR)

(/usr/share/texlive/texmf-dist/tex/latex/caption/caption3.sty
Package: caption3 2013/05/02 v1.6-88 caption3 kernel (AR)
Package caption3 Info: TeX engine: e-TeX on input line 57.
\captionmargin=\dimen120
\captionmargin@=\dimen121
\captionwidth=\dimen122
\caption@tempdima=\dimen123
\caption@indent=\dimen124
\caption@parindent=\dimen125
\caption@hangindent=\dimen126
)
\c@ContinuedFloat=\count105
Package caption Info: float package is loaded.
)
\c@KVtest=\count106
\sf@farskip=\skip51
\sf@captopadj=\dimen127
\sf@capskip=\skip52
\sf@nearskip=\skip53
\c@subfigure=\count107
\c@subfigure@save=\count108
\c@lofdepth=\count109
\c@subtable=\count110
\c@subtable@save=\count111
\c@lotdepth=\count112
\sf@top=\skip54
\sf@bottom=\skip55
)
(/usr/share/texlive/texmf-dist/tex/generic/babel/babel.sty
Package: babel 2013/12/03 3.9h The Babel package

(/usr/share/texlive/texmf-dist/tex/generic/babel-english/english.ldf
Language: english 2012/08/20 v3.3p English support from the babel system

(/usr/share/texlive/texmf-dist/tex/generic/babel/babel.def
File: babel.def 2013/12/03 3.9h Babel common definitions
\babel@savecnt=\count113
\U@D=\dimen128
)
\l@canadian = a dialect from \language\l@american 
\l@australian = a dialect from \language\l@british 
\l@newzealand = a dialect from \language\l@british 
))
No file transition_matrix_paper_science_supplement.aux.
\openout1 = `transition_matrix_paper_science_supplement.aux'.

LaTeX Font Info:    Checking defaults for OML/cmm/m/it on input line 34.
LaTeX Font Info:    ... okay on input line 34.
LaTeX Font Info:    Checking defaults for T1/cmr/m/n on input line 34.
LaTeX Font Info:    ... okay on input line 34.
LaTeX Font Info:    Checking defaults for OT1/cmr/m/n on input line 34.
LaTeX Font Info:    ... okay on input line 34.
LaTeX Font Info:    Checking defaults for OMS/cmsy/m/n on input line 34.
LaTeX Font Info:    ... okay on input line 34.
LaTeX Font Info:    Checking defaults for OMX/cmex/m/n on input line 34.
LaTeX Font Info:    ... okay on input line 34.
LaTeX Font Info:    Checking defaults for U/cmr/m/n on input line 34.
LaTeX Font Info:    ... okay on input line 34.
(/usr/share/texlive/texmf-dist/tex/context/base/supp-pdf.mkii
[Loading MPS to PDF converter (version 2006.09.02).]
\scratchcounter=\count114
\scratchdimen=\dimen129
\scratchbox=\box33
\nofMPsegments=\count115
\nofMParguments=\count116
\everyMPshowfont=\toks26
\MPscratchCnt=\count117
\MPscratchDim=\dimen130
\MPnumerator=\count118
\makeMPintoPDFobject=\count119
\everyMPtoPDFconversion=\toks27
) (/usr/share/texlive/texmf-dist/tex/generic/oberdiek/pdftexcmds.sty
Package: pdftexcmds 2011/11/29 v0.20 Utility functions of pdfTeX for LuaTeX (HO
)

(/usr/share/texlive/texmf-dist/tex/generic/oberdiek/ifpdf.sty
Package: ifpdf 2011/01/30 v2.3 Provides the ifpdf switch (HO)
Package ifpdf Info: pdfTeX in PDF mode is detected.
)
Package pdftexcmds Info: LuaTeX not detected.
Package pdftexcmds Info: \pdf@primitive is available.
Package pdftexcmds Info: \pdf@ifprimitive is available.
Package pdftexcmds Info: \pdfdraftmode found.
)
(/usr/share/texlive/texmf-dist/tex/latex/oberdiek/epstopdf-base.sty
Package: epstopdf-base 2010/02/09 v2.5 Base part for package epstopdf

(/usr/share/texlive/texmf-dist/tex/latex/oberdiek/grfext.sty
Package: grfext 2010/08/19 v1.1 Manage graphics extensions (HO)

(/usr/share/texlive/texmf-dist/tex/generic/oberdiek/kvdefinekeys.sty
Package: kvdefinekeys 2011/04/07 v1.3 Define keys (HO)
))
(/usr/share/texlive/texmf-dist/tex/latex/oberdiek/kvoptions.sty
Package: kvoptions 2011/06/30 v3.11 Key value format for package options (HO)

(/usr/share/texlive/texmf-dist/tex/generic/oberdiek/kvsetkeys.sty
Package: kvsetkeys 2012/04/25 v1.16 Key value parser (HO)

(/usr/share/texlive/texmf-dist/tex/generic/oberdiek/etexcmds.sty
Package: etexcmds 2011/02/16 v1.5 Avoid name clashes with e-TeX commands (HO)
Package etexcmds Info: Could not find \expanded.
(etexcmds)             That can mean that you are not using pdfTeX 1.50 or
(etexcmds)             that some package has redefined \expanded.
(etexcmds)             In the latter case, load this package earlier.
)))
Package grfext Info: Graphics extension search list:
(grfext)             [.png,.pdf,.jpg,.mps,.jpeg,.jbig2,.jb2,.PNG,.PDF,.JPG,.JPE
G,.JBIG2,.JB2,.eps]
(grfext)             \AppendGraphicsExtensions on input line 452.

(/usr/share/texlive/texmf-dist/tex/latex/latexconfig/epstopdf-sys.cfg
File: epstopdf-sys.cfg 2010/07/13 v1.3 Configuration of (r)epstopdf for TeX Liv
e
))
Package caption Info: Begin \AtBeginDocument code.
Package caption Info: subfig package v1.3 is loaded.
Package caption Info: End \AtBeginDocument code.
LaTeX Font Info:    Try loading font information for OMS+cmr on input line 44.

(/usr/share/texlive/texmf-dist/tex/latex/base/omscmr.fd
File: omscmr.fd 1999/05/25 v2.5h Standard LaTeX font definitions
)
LaTeX Font Info:    Font shape `OMS/cmr/m/n' in size <10> not available
(Font)              Font shape `OMS/cmsy/m/n' tried instead on input line 44.
 [1

{/var/lib/texmf/fonts/map/pdftex/updmap/pdftex.map}]

LaTeX Warning: Citation `mathelier2013jaspar' on page 2 undefined on input line
 65.


LaTeX Warning: Citation `pinello2014analysis' on page 2 undefined on input line
 65.


LaTeX Warning: Citation `heinz2010simple' on page 2 undefined on input line 73.



Overfull \hbox (33.98969pt too wide) in paragraph at lines 63--74
\T1/cmr/m/n/10 tran-scrip-tion fac-tor mo-tifs ob-tained from JAS-PAR 2014 http
://jaspar2014.genereg.net/,
 []


Overfull \hbox (34.45436pt too wide) in paragraph at lines 86--86
[]|   []   |   []   |   []   |   []   |   []   |   []   |   []   |   []
 []


LaTeX Warning: Reference `Supplement NI edgeweight plots' on page 2 undefined o
n input line 98.


<figures/all_studies_ARACNE_edgeweight_difference_comparison.png, id=13, 361.35
pt x 361.35pt>
File: figures/all_studies_ARACNE_edgeweight_difference_comparison.png Graphic f
ile (type png)

<use figures/all_studies_ARACNE_edgeweight_difference_comparison.png>
Package pdftex.def Info: figures/all_studies_ARACNE_edgeweight_difference_compa
rison.png used on input line 103.
(pdftex.def)             Requested size: 155.24895pt x 155.25066pt.

<figures/all_studies_CLR_edgeweight_difference_comparison.png, id=14, 361.35pt 
x 361.35pt>
File: figures/all_studies_CLR_edgeweight_difference_comparison.png Graphic file
 (type png)
 <use figures/all_studies_CLR_edgeweight_difference_comparison.png>
Package pdftex.def Info: figures/all_studies_CLR_edgeweight_difference_comparis
on.png used on input line 103.
(pdftex.def)             Requested size: 155.24895pt x 155.25066pt.

<figures/all_studies_WGCNA_edgeweight_difference_comparison.png, id=15, 361.35p
t x 361.35pt>
File: figures/all_studies_WGCNA_edgeweight_difference_comparison.png Graphic fi
le (type png)

<use figures/all_studies_WGCNA_edgeweight_difference_comparison.png>
Package pdftex.def Info: figures/all_studies_WGCNA_edgeweight_difference_compar
ison.png used on input line 105.
(pdftex.def)             Requested size: 155.24895pt x 155.25066pt.

<figures/all_studies_MONSTER_edgeweight_difference_comparison.png, id=16, 361.3
5pt x 361.35pt>
File: figures/all_studies_MONSTER_edgeweight_difference_comparison.png Graphic 
file (type png)

<use figures/all_studies_MONSTER_edgeweight_difference_comparison.png>
Package pdftex.def Info: figures/all_studies_MONSTER_edgeweight_difference_comp
arison.png used on input line 105.
(pdftex.def)             Requested size: 155.24895pt x 155.25066pt.
 [2]

LaTeX Warning: Citation `glass2013passing' on page 3 undefined on input line 12
5.


LaTeX Warning: Citation `olsen2014inference' on page 3 undefined on input line 
125.


LaTeX Warning: Citation `frey2007clustering' on page 3 undefined on input line 
126.


LaTeX Warning: Citation `lao2015genome' on page 3 undefined on input line 132.


LaTeX Warning: Citation `glass2015network' on page 3 undefined on input line 13
2.


LaTeX Warning: Citation `glass2014sexually' on page 3 undefined on input line 1
32.

[3 <./figures/all_studies_ARACNE_edgeweight_difference_comparison.png> <./figur
es/all_studies_CLR_edgeweight_difference_comparison.png> <./figures/all_studies
_WGCNA_edgeweight_difference_comparison.png> <./figures/all_studies_MONSTER_edg
eweight_difference_comparison.png>] [4]

LaTeX Warning: Citation `olsen2014inference' on page 5 undefined on input line 
222.


LaTeX Warning: Citation `harbison2004transcriptional' on page 5 undefined on in
put line 230.


LaTeX Warning: Citation `marbach2012wisdom' on page 5 undefined on input line 2
32.

<figures/DREAM5a_all.png, id=36, 481.8pt x 481.8pt>
File: figures/DREAM5a_all.png Graphic file (type png)

<use figures/DREAM5a_all.png>
Package pdftex.def Info: figures/DREAM5a_all.png used on input line 242.
(pdftex.def)             Requested size: 137.9979pt x 137.99812pt.

<figures/DREAM5c_all.png, id=37, 481.8pt x 481.8pt>
File: figures/DREAM5c_all.png Graphic file (type png)

<use figures/DREAM5c_all.png>
Package pdftex.def Info: figures/DREAM5c_all.png used on input line 242.
(pdftex.def)             Requested size: 137.9979pt x 137.99812pt.

<figures/DREAM5d_all.png, id=38, 481.8pt x 481.8pt>
File: figures/DREAM5d_all.png Graphic file (type png)

<use figures/DREAM5d_all.png>
Package pdftex.def Info: figures/DREAM5d_all.png used on input line 244.
(pdftex.def)             Requested size: 137.9979pt x 137.99812pt.

<figures/Yeast_all.png, id=39, 481.8pt x 481.8pt>
File: figures/Yeast_all.png Graphic file (type png)
 <use figures/Yeast_all.png>
Package pdftex.def Info: figures/Yeast_all.png used on input line 244.
(pdftex.def)             Requested size: 137.9979pt x 137.99812pt.

[5] [6 <./figures/DREAM5a_all.png (PNG copy)> <./figures/DREAM5c_all.png (PNG c
opy)> <./figures/DREAM5d_all.png (PNG copy)> <./figures/Yeast_all.png>]
[7]

LaTeX Warning: Citation `tibshirani1996regression' on page 8 undefined on input
 line 344.


Overfull \hbox (32.11891pt too wide) in paragraph at lines 342--350
\T1/cmr/m/n/10 Which pro-duces the least squares es-ti-mate. I.e. loss func-tio
n $\OML/cmm/m/it/10 L [] \OT1/cmr/m/n/10 = [][] \OMS/cmsy/m/n/10 jj\OT1/cmr/bx/
n/10 B[] \OMS/cmsy/m/n/10 ^^@
 []

[8] <figures/workflow_diagram.png, id=58, 797.03485pt x 597.432pt>
File: figures/workflow_diagram.png Graphic file (type png)

<use figures/workflow_diagram.png>
Package pdftex.def Info: figures/workflow_diagram.png used on input line 417.
(pdftex.def)             Requested size: 276.00105pt x 206.88pt.


LaTeX Warning: Citation `glass2013passing' on page 9 undefined on input line 44
4.


LaTeX Warning: Citation `Langfelder2008WGCNA' on page 9 undefined on input line
 454.


LaTeX Warning: Citation `Langfelder2008FastR' on page 9 undefined on input line
 454.


LaTeX Warning: Citation `ravasz2002hierarchical' on page 9 undefined on input l
ine 455.


LaTeX Warning: Citation `margolin2006aracne' on page 9 undefined on input line 
456.


LaTeX Warning: Citation `faith2007large' on page 9 undefined on input line 457.



LaTeX Warning: Citation `glass2013passing' on page 9 undefined on input line 45
8.

[9] [10 <./figures/workflow_diagram.png>]
Overfull \hbox (41.96399pt too wide) in paragraph at lines 485--517
[][] 
 []


LaTeX Warning: Citation `levine2003transcription' on page 11 undefined on input
 line 534.


LaTeX Warning: Citation `ravasi2010atlas' on page 11 undefined on input line 53
8.

[11] <figures/figure2ECLIPSE.pdf, id=70, 327.2225pt x 245.91875pt>
File: figures/figure2ECLIPSE.pdf Graphic file (type pdf)

<use figures/figure2ECLIPSE.pdf>
Package pdftex.def Info: figures/figure2ECLIPSE.pdf used on input line 569.
(pdftex.def)             Requested size: 169.0519pt x 127.0492pt.

<figures/figure2COPDGene.pdf, id=71, 327.2225pt x 245.91875pt>
File: figures/figure2COPDGene.pdf Graphic file (type pdf)

<use figures/figure2COPDGene.pdf>
Package pdftex.def Info: figures/figure2COPDGene.pdf used on input line 571.
(pdftex.def)             Requested size: 169.0519pt x 127.0492pt.

<figures/figure2LGRC.pdf, id=72, 327.2225pt x 245.91875pt>
File: figures/figure2LGRC.pdf Graphic file (type pdf)

<use figures/figure2LGRC.pdf>
Package pdftex.def Info: figures/figure2LGRC.pdf used on input line 574.
(pdftex.def)             Requested size: 169.0519pt x 127.0492pt.

<figures/figure2LTCOPD.pdf, id=73, 327.2225pt x 245.91875pt>
File: figures/figure2LTCOPD.pdf Graphic file (type pdf)

<use figures/figure2LTCOPD.pdf>
Package pdftex.def Info: figures/figure2LTCOPD.pdf used on input line 578.
(pdftex.def)             Requested size: 169.0519pt x 127.0492pt.


LaTeX Warning: Float too large for page by 91.19672pt on input line 583.

<figures/dTFIvsLIMMAall.pdf, id=74, 1734.48pt x 1734.48pt>
File: figures/dTFIvsLIMMAall.pdf Graphic file (type pdf)

<use figures/dTFIvsLIMMAall.pdf>
Package pdftex.def Info: figures/dTFIvsLIMMAall.pdf used on input line 588.
(pdftex.def)             Requested size: 345.0pt x 344.9843pt.
 [12] [13 <./figures/figure2ECLIPSE.pdf> <./figures/figure2COPDGene.pdf

pdfTeX warning: pdflatex (file ./figures/figure2COPDGene.pdf): PDF inclusion: m
ultiple pdfs with page group included in a single page
> <./figures/figure2LGRC.pdf

pdfTeX warning: pdflatex (file ./figures/figure2LGRC.pdf): PDF inclusion: multi
ple pdfs with page group included in a single page
> <./figures/figure2LTCOPD.pdf

pdfTeX warning: pdflatex (file ./figures/figure2LTCOPD.pdf): PDF inclusion: mul
tiple pdfs with page group included in a single page
>] [14 <./figures/dTFIvsLIMMAall.pdf>]
Overfull \hbox (25.63498pt too wide) in alignment at lines 660--669
 [][][] []
 []

[15]
Overfull \hbox (51.47127pt too wide) in paragraph at lines 695--745
[][] 
 []


Overfull \hbox (45.22182pt too wide) in paragraph at lines 751--811
[][] 
 []


LaTeX Warning: Citation `ritchie2015limma' on page 16 undefined on input line 8
11.


LaTeX Warning: Citation `ritchie2015limma' on page 16 undefined on input line 8
11.

No file transition_matrix_paper_science_supplement.bbl.
[16] [17] (./transition_matrix_paper_science_supplement.aux)

LaTeX Warning: There were undefined references.


LaTeX Warning: Label(s) may have changed. Rerun to get cross-references right.

 ) 
Here is how much of TeX's memory you used:
 4498 strings out of 494985
 65136 string characters out of 6180356
 160773 words of memory out of 5000000
 7606 multiletter control sequences out of 15000+600000
 19945 words of font info for 47 fonts, out of 8000000 for 9000
 36 hyphenation exceptions out of 8191
 44i,11n,47p,980b,393s stack positions out of 5000i,500n,10000p,200000b,80000s
 </home/dan/.texmf-var/fonts/pk/ljfour/jknappen/ec/ecrm0500.600pk> </home/dan
/.texmf-var/fonts/pk/ljfour/jknappen/ec/ecbx0800.600pk> </home/dan/.texmf-var/f
onts/pk/ljfour/jknappen/ec/ecbi1200.600pk> </home/dan/.texmf-var/fonts/pk/ljfou
r/jknappen/ec/ecti1000.600pk> </home/dan/.texmf-var/fonts/pk/ljfour/jknappen/ec
/ecbx1000.600pk> </home/dan/.texmf-var/fonts/pk/ljfour/jknappen/ec/ecbx1200.600
pk> </home/dan/.texmf-var/fonts/pk/ljfour/jknappen/ec/ecbx1440.600pk> </home/da
n/.texmf-var/fonts/pk/ljfour/jknappen/ec/ecrm1000.600pk> </home/dan/.texmf-var/
fonts/pk/ljfour/jknappen/ec/ecbx2074.600pk> </home/dan/.texmf-var/fonts/pk/ljfo
ur/jknappen/ec/ecrm0800.600pk> </home/dan/.texmf-var/fonts/pk/ljfour/jknappen/e
c/ecrm1200.600pk> </home/dan/.texmf-var/fonts/pk/ljfour/jknappen/ec/ecrm1728.60
0pk> </home/dan/.texmf-var/fonts/pk/ljfour/jknappen/ec/ecbx1728.600pk></usr/sha
re/texlive/texmf-dist/fonts/type1/public/amsfonts/cm/cmbx10.pfb></usr/share/tex
live/texmf-dist/fonts/type1/public/amsfonts/cm/cmex10.pfb></usr/share/texlive/t
exmf-dist/fonts/type1/public/amsfonts/cm/cmmi10.pfb></usr/share/texlive/texmf-d
ist/fonts/type1/public/amsfonts/cm/cmmi5.pfb></usr/share/texlive/texmf-dist/fon
ts/type1/public/amsfonts/cm/cmmi7.pfb></usr/share/texlive/texmf-dist/fonts/type
1/public/amsfonts/cm/cmr10.pfb></usr/share/texlive/texmf-dist/fonts/type1/publi
c/amsfonts/cm/cmr5.pfb></usr/share/texlive/texmf-dist/fonts/type1/public/amsfon
ts/cm/cmr7.pfb></usr/share/texlive/texmf-dist/fonts/type1/public/amsfonts/cm/cm
sy10.pfb></usr/share/texlive/texmf-dist/fonts/type1/public/amsfonts/cm/cmsy7.pf
b></usr/share/texmf/fonts/type1/public/tex-gyre/qhvr.pfb>
Output written on transition_matrix_paper_science_supplement.pdf (17 pages, 157
60277 bytes).
PDF statistics:
 690 PDF objects out of 1000 (max. 8388607)
 212 compressed objects within 3 object streams
 0 named destinations out of 1000 (max. 500000)
 71 words of extra memory for PDF output out of 10000 (max. 10000000)

