INFO [2016-04-05 13:48:57] $x
INFO [2016-04-05 13:48:57] topTFlist
INFO [2016-04-05 13:48:57] 
INFO [2016-04-05 13:48:57] $filename
INFO [2016-04-05 13:48:57] [1] "Venn.tiff"
INFO [2016-04-05 13:48:57] 
INFO [2016-04-05 13:48:57] $height
INFO [2016-04-05 13:48:57] [1] 2000
INFO [2016-04-05 13:48:57] 
INFO [2016-04-05 13:48:57] $width
INFO [2016-04-05 13:48:57] [1] 3000
INFO [2016-04-05 13:48:57] 
INFO [2016-04-05 13:48:57] $col
INFO [2016-04-05 13:48:57] [1] "transparent"
INFO [2016-04-05 13:48:57] 
INFO [2016-04-05 13:48:57] $fill
INFO [2016-04-05 13:48:57] c("green", "yellow", "darkorchid1", "lightblue")
INFO [2016-04-05 13:48:57] 
INFO [2016-04-05 13:48:57] $alpha
INFO [2016-04-05 13:48:57] [1] 0.5
INFO [2016-04-05 13:48:57] 
INFO [2016-04-05 13:48:57] $label.col
INFO [2016-04-05 13:48:57] rep("white", 15)
INFO [2016-04-05 13:48:57] 
INFO [2016-04-05 13:48:57] $cex
INFO [2016-04-05 13:48:57] [1] 1.5
INFO [2016-04-05 13:48:57] 
INFO [2016-04-05 13:48:57] $fontfamily
INFO [2016-04-05 13:48:57] [1] "serif"
INFO [2016-04-05 13:48:57] 
INFO [2016-04-05 13:48:57] $fontface
INFO [2016-04-05 13:48:57] [1] "bold"
INFO [2016-04-05 13:48:57] 
INFO [2016-04-05 13:48:57] $cat.col
INFO [2016-04-05 13:48:57] rep("black", 4)
INFO [2016-04-05 13:48:57] 
INFO [2016-04-05 13:48:57] $cat.cex
INFO [2016-04-05 13:48:57] [1] 1.5
INFO [2016-04-05 13:48:57] 
INFO [2016-04-05 13:48:57] $cat.pos
INFO [2016-04-05 13:48:57] [1] 0
INFO [2016-04-05 13:48:57] 
INFO [2016-04-05 13:48:57] $cat.dist
INFO [2016-04-05 13:48:57] [1] 0.07
INFO [2016-04-05 13:48:57] 
INFO [2016-04-05 13:48:57] $cat.fontfamily
INFO [2016-04-05 13:48:57] [1] "serif"
INFO [2016-04-05 13:48:57] 
INFO [2016-04-05 13:48:57] $rotation.degree
INFO [2016-04-05 13:48:57] [1] 0
INFO [2016-04-05 13:48:57] 
INFO [2016-04-05 13:48:57] $margin
INFO [2016-04-05 13:48:57] [1] 0.2
INFO [2016-04-05 13:48:57] 
INFO [2016-04-05 13:48:57] $main
INFO [2016-04-05 13:48:57] [1] "Top 20 differentially involved TFs in each COPD Study"
INFO [2016-04-05 13:48:57] 
INFO [2016-04-05 13:48:57] $main.pos
INFO [2016-04-05 13:48:57] c(0.5, 0.9)
INFO [2016-04-05 13:48:57] 
INFO [2016-04-05 13:48:57] $main.cex
INFO [2016-04-05 13:48:57] [1] 1.4
INFO [2016-04-05 13:48:57] 
