INFO [2016-04-05 13:54:10] $x
INFO [2016-04-05 13:54:10] topTFlist
INFO [2016-04-05 13:54:10] 
INFO [2016-04-05 13:54:10] $filename
INFO [2016-04-05 13:54:10] [1] "Venn.tiff"
INFO [2016-04-05 13:54:10] 
INFO [2016-04-05 13:54:10] $height
INFO [2016-04-05 13:54:10] [1] 2000
INFO [2016-04-05 13:54:10] 
INFO [2016-04-05 13:54:10] $width
INFO [2016-04-05 13:54:10] [1] 3000
INFO [2016-04-05 13:54:10] 
INFO [2016-04-05 13:54:10] $col
INFO [2016-04-05 13:54:10] [1] "transparent"
INFO [2016-04-05 13:54:10] 
INFO [2016-04-05 13:54:10] $fill
INFO [2016-04-05 13:54:10] c("green", "yellow", "darkorchid1", "lightblue")
INFO [2016-04-05 13:54:10] 
INFO [2016-04-05 13:54:10] $alpha
INFO [2016-04-05 13:54:10] [1] 0.5
INFO [2016-04-05 13:54:10] 
INFO [2016-04-05 13:54:10] $label.col
INFO [2016-04-05 13:54:10] rep("white", 15)
INFO [2016-04-05 13:54:10] 
INFO [2016-04-05 13:54:10] $cex
INFO [2016-04-05 13:54:10] [1] 1.5
INFO [2016-04-05 13:54:10] 
INFO [2016-04-05 13:54:10] $fontfamily
INFO [2016-04-05 13:54:10] [1] "serif"
INFO [2016-04-05 13:54:10] 
INFO [2016-04-05 13:54:10] $fontface
INFO [2016-04-05 13:54:10] [1] "bold"
INFO [2016-04-05 13:54:10] 
INFO [2016-04-05 13:54:10] $cat.col
INFO [2016-04-05 13:54:10] rep("black", 4)
INFO [2016-04-05 13:54:10] 
INFO [2016-04-05 13:54:10] $cat.cex
INFO [2016-04-05 13:54:10] [1] 1.5
INFO [2016-04-05 13:54:10] 
INFO [2016-04-05 13:54:10] $cat.pos
INFO [2016-04-05 13:54:10] [1] 0
INFO [2016-04-05 13:54:10] 
INFO [2016-04-05 13:54:10] $cat.dist
INFO [2016-04-05 13:54:10] [1] 0.07
INFO [2016-04-05 13:54:10] 
INFO [2016-04-05 13:54:10] $cat.fontfamily
INFO [2016-04-05 13:54:10] [1] "serif"
INFO [2016-04-05 13:54:10] 
INFO [2016-04-05 13:54:10] $rotation.degree
INFO [2016-04-05 13:54:10] [1] 0
INFO [2016-04-05 13:54:10] 
INFO [2016-04-05 13:54:10] $margin
INFO [2016-04-05 13:54:10] [1] 0.2
INFO [2016-04-05 13:54:10] 
INFO [2016-04-05 13:54:10] $main
INFO [2016-04-05 13:54:10] [1] "Top 20 differentially involved TFs in each COPD Study"
INFO [2016-04-05 13:54:10] 
INFO [2016-04-05 13:54:10] $main.pos
INFO [2016-04-05 13:54:10] c(0.5, 0.9)
INFO [2016-04-05 13:54:10] 
INFO [2016-04-05 13:54:10] $main.cex
INFO [2016-04-05 13:54:10] [1] 1.4
INFO [2016-04-05 13:54:10] 
