INFO [2016-04-05 13:54:06] $x
INFO [2016-04-05 13:54:06] topTFlist
INFO [2016-04-05 13:54:06] 
INFO [2016-04-05 13:54:06] $filename
INFO [2016-04-05 13:54:06] [1] "Venn.tiff"
INFO [2016-04-05 13:54:06] 
INFO [2016-04-05 13:54:06] $height
INFO [2016-04-05 13:54:06] [1] 2000
INFO [2016-04-05 13:54:06] 
INFO [2016-04-05 13:54:06] $width
INFO [2016-04-05 13:54:06] [1] 3000
INFO [2016-04-05 13:54:06] 
INFO [2016-04-05 13:54:06] $col
INFO [2016-04-05 13:54:06] [1] "transparent"
INFO [2016-04-05 13:54:06] 
INFO [2016-04-05 13:54:06] $fill
INFO [2016-04-05 13:54:06] c("green", "yellow", "darkorchid1", "lightblue")
INFO [2016-04-05 13:54:06] 
INFO [2016-04-05 13:54:06] $alpha
INFO [2016-04-05 13:54:06] [1] 0.5
INFO [2016-04-05 13:54:06] 
INFO [2016-04-05 13:54:06] $label.col
INFO [2016-04-05 13:54:06] rep("white", 15)
INFO [2016-04-05 13:54:06] 
INFO [2016-04-05 13:54:06] $cex
INFO [2016-04-05 13:54:06] [1] 1.5
INFO [2016-04-05 13:54:06] 
INFO [2016-04-05 13:54:06] $fontfamily
INFO [2016-04-05 13:54:06] [1] "serif"
INFO [2016-04-05 13:54:06] 
INFO [2016-04-05 13:54:06] $fontface
INFO [2016-04-05 13:54:06] [1] "bold"
INFO [2016-04-05 13:54:06] 
INFO [2016-04-05 13:54:06] $cat.col
INFO [2016-04-05 13:54:06] rep("black", 4)
INFO [2016-04-05 13:54:06] 
INFO [2016-04-05 13:54:06] $cat.cex
INFO [2016-04-05 13:54:06] [1] 1.5
INFO [2016-04-05 13:54:06] 
INFO [2016-04-05 13:54:06] $cat.pos
INFO [2016-04-05 13:54:06] [1] 0
INFO [2016-04-05 13:54:06] 
INFO [2016-04-05 13:54:06] $cat.dist
INFO [2016-04-05 13:54:06] [1] 0.07
INFO [2016-04-05 13:54:06] 
INFO [2016-04-05 13:54:06] $cat.fontfamily
INFO [2016-04-05 13:54:06] [1] "serif"
INFO [2016-04-05 13:54:06] 
INFO [2016-04-05 13:54:06] $rotation.degree
INFO [2016-04-05 13:54:06] [1] 0
INFO [2016-04-05 13:54:06] 
INFO [2016-04-05 13:54:06] $margin
INFO [2016-04-05 13:54:06] [1] 0.2
INFO [2016-04-05 13:54:06] 
INFO [2016-04-05 13:54:06] $main
INFO [2016-04-05 13:54:06] [1] "Top 20 differentially involved TFs in each COPD Study"
INFO [2016-04-05 13:54:06] 
INFO [2016-04-05 13:54:06] $main.pos
INFO [2016-04-05 13:54:06] c(0.5, 0.9)
INFO [2016-04-05 13:54:06] 
INFO [2016-04-05 13:54:06] $main.cex
INFO [2016-04-05 13:54:06] [1] 1.4
INFO [2016-04-05 13:54:06] 
