INFO [2016-04-05 13:38:55] $x
INFO [2016-04-05 13:38:55] topTFlist
INFO [2016-04-05 13:38:55] 
INFO [2016-04-05 13:38:55] $filename
INFO [2016-04-05 13:38:55] [1] "Venn.tiff"
INFO [2016-04-05 13:38:55] 
INFO [2016-04-05 13:38:55] $height
INFO [2016-04-05 13:38:55] [1] 2000
INFO [2016-04-05 13:38:55] 
INFO [2016-04-05 13:38:55] $width
INFO [2016-04-05 13:38:55] [1] 3000
INFO [2016-04-05 13:38:55] 
INFO [2016-04-05 13:38:55] $col
INFO [2016-04-05 13:38:55] [1] "transparent"
INFO [2016-04-05 13:38:55] 
INFO [2016-04-05 13:38:55] $fill
INFO [2016-04-05 13:38:55] c("green", "yellow", "darkorchid1", "lightblue")
INFO [2016-04-05 13:38:55] 
INFO [2016-04-05 13:38:55] $alpha
INFO [2016-04-05 13:38:55] [1] 0.5
INFO [2016-04-05 13:38:55] 
INFO [2016-04-05 13:38:55] $label.col
INFO [2016-04-05 13:38:55] rep("white", 15)
INFO [2016-04-05 13:38:55] 
INFO [2016-04-05 13:38:55] $cex
INFO [2016-04-05 13:38:55] [1] 1.5
INFO [2016-04-05 13:38:55] 
INFO [2016-04-05 13:38:55] $fontfamily
INFO [2016-04-05 13:38:55] [1] "serif"
INFO [2016-04-05 13:38:55] 
INFO [2016-04-05 13:38:55] $fontface
INFO [2016-04-05 13:38:55] [1] "bold"
INFO [2016-04-05 13:38:55] 
INFO [2016-04-05 13:38:55] $cat.col
INFO [2016-04-05 13:38:55] rep("black", 4)
INFO [2016-04-05 13:38:55] 
INFO [2016-04-05 13:38:55] $cat.cex
INFO [2016-04-05 13:38:55] [1] 1.5
INFO [2016-04-05 13:38:55] 
INFO [2016-04-05 13:38:55] $cat.pos
INFO [2016-04-05 13:38:55] [1] 0
INFO [2016-04-05 13:38:55] 
INFO [2016-04-05 13:38:55] $cat.dist
INFO [2016-04-05 13:38:55] [1] 0.07
INFO [2016-04-05 13:38:55] 
INFO [2016-04-05 13:38:55] $cat.fontfamily
INFO [2016-04-05 13:38:55] [1] "serif"
INFO [2016-04-05 13:38:55] 
INFO [2016-04-05 13:38:55] $rotation.degree
INFO [2016-04-05 13:38:55] [1] 0
INFO [2016-04-05 13:38:55] 
INFO [2016-04-05 13:38:55] $margin
INFO [2016-04-05 13:38:55] [1] 0.2
INFO [2016-04-05 13:38:55] 
INFO [2016-04-05 13:38:55] $main
INFO [2016-04-05 13:38:55] [1] "Top 20 differentially involved TFs in each COPD Study"
INFO [2016-04-05 13:38:55] 
INFO [2016-04-05 13:38:55] $main.pos
INFO [2016-04-05 13:38:55] c(0.5, 0.9)
INFO [2016-04-05 13:38:55] 
INFO [2016-04-05 13:38:55] $main.cex
INFO [2016-04-05 13:38:55] [1] 1.4
INFO [2016-04-05 13:38:55] 
