INFO [2016-04-05 13:59:34] $x
INFO [2016-04-05 13:59:34] topTFlist
INFO [2016-04-05 13:59:34] 
INFO [2016-04-05 13:59:34] $filename
INFO [2016-04-05 13:59:34] [1] "Venn.tiff"
INFO [2016-04-05 13:59:34] 
INFO [2016-04-05 13:59:34] $height
INFO [2016-04-05 13:59:34] [1] 2000
INFO [2016-04-05 13:59:34] 
INFO [2016-04-05 13:59:34] $width
INFO [2016-04-05 13:59:34] [1] 3000
INFO [2016-04-05 13:59:34] 
INFO [2016-04-05 13:59:34] $col
INFO [2016-04-05 13:59:34] [1] "transparent"
INFO [2016-04-05 13:59:34] 
INFO [2016-04-05 13:59:34] $fill
INFO [2016-04-05 13:59:34] c("green", "yellow", "darkorchid1", "lightblue")
INFO [2016-04-05 13:59:34] 
INFO [2016-04-05 13:59:34] $alpha
INFO [2016-04-05 13:59:34] [1] 0.5
INFO [2016-04-05 13:59:34] 
INFO [2016-04-05 13:59:34] $label.col
INFO [2016-04-05 13:59:34] rep("white", 15)
INFO [2016-04-05 13:59:34] 
INFO [2016-04-05 13:59:34] $cex
INFO [2016-04-05 13:59:34] [1] 1.5
INFO [2016-04-05 13:59:34] 
INFO [2016-04-05 13:59:34] $fontfamily
INFO [2016-04-05 13:59:34] [1] "serif"
INFO [2016-04-05 13:59:34] 
INFO [2016-04-05 13:59:34] $fontface
INFO [2016-04-05 13:59:34] [1] "bold"
INFO [2016-04-05 13:59:34] 
INFO [2016-04-05 13:59:34] $cat.col
INFO [2016-04-05 13:59:34] rep("black", 4)
INFO [2016-04-05 13:59:34] 
INFO [2016-04-05 13:59:34] $cat.cex
INFO [2016-04-05 13:59:34] [1] 1.5
INFO [2016-04-05 13:59:34] 
INFO [2016-04-05 13:59:34] $cat.pos
INFO [2016-04-05 13:59:34] [1] 0
INFO [2016-04-05 13:59:34] 
INFO [2016-04-05 13:59:34] $cat.dist
INFO [2016-04-05 13:59:34] [1] 0.07
INFO [2016-04-05 13:59:34] 
INFO [2016-04-05 13:59:34] $cat.fontfamily
INFO [2016-04-05 13:59:34] [1] "serif"
INFO [2016-04-05 13:59:34] 
INFO [2016-04-05 13:59:34] $rotation.degree
INFO [2016-04-05 13:59:34] [1] 0
INFO [2016-04-05 13:59:34] 
INFO [2016-04-05 13:59:34] $margin
INFO [2016-04-05 13:59:34] [1] 0.2
INFO [2016-04-05 13:59:34] 
INFO [2016-04-05 13:59:34] $main
INFO [2016-04-05 13:59:34] [1] "Top 20 differentially involved TFs in each COPD Study"
INFO [2016-04-05 13:59:34] 
INFO [2016-04-05 13:59:34] $main.pos
INFO [2016-04-05 13:59:34] c(0.5, 0.9)
INFO [2016-04-05 13:59:34] 
INFO [2016-04-05 13:59:34] $main.cex
INFO [2016-04-05 13:59:34] [1] 1.4
INFO [2016-04-05 13:59:34] 
