INFO [2016-04-05 13:38:51] $x
INFO [2016-04-05 13:38:51] topTFlist
INFO [2016-04-05 13:38:51] 
INFO [2016-04-05 13:38:51] $filename
INFO [2016-04-05 13:38:51] [1] "Venn.tiff"
INFO [2016-04-05 13:38:51] 
INFO [2016-04-05 13:38:51] $height
INFO [2016-04-05 13:38:51] [1] 2000
INFO [2016-04-05 13:38:51] 
INFO [2016-04-05 13:38:51] $width
INFO [2016-04-05 13:38:51] [1] 3000
INFO [2016-04-05 13:38:51] 
INFO [2016-04-05 13:38:51] $col
INFO [2016-04-05 13:38:51] [1] "transparent"
INFO [2016-04-05 13:38:51] 
INFO [2016-04-05 13:38:51] $fill
INFO [2016-04-05 13:38:51] c("green", "yellow", "darkorchid1", "lightblue")
INFO [2016-04-05 13:38:51] 
INFO [2016-04-05 13:38:51] $alpha
INFO [2016-04-05 13:38:51] [1] 0.5
INFO [2016-04-05 13:38:51] 
INFO [2016-04-05 13:38:51] $label.col
INFO [2016-04-05 13:38:51] rep("white", 15)
INFO [2016-04-05 13:38:51] 
INFO [2016-04-05 13:38:51] $cex
INFO [2016-04-05 13:38:51] [1] 1.5
INFO [2016-04-05 13:38:51] 
INFO [2016-04-05 13:38:51] $fontfamily
INFO [2016-04-05 13:38:51] [1] "serif"
INFO [2016-04-05 13:38:51] 
INFO [2016-04-05 13:38:51] $fontface
INFO [2016-04-05 13:38:51] [1] "bold"
INFO [2016-04-05 13:38:51] 
INFO [2016-04-05 13:38:51] $cat.col
INFO [2016-04-05 13:38:51] rep("black", 4)
INFO [2016-04-05 13:38:51] 
INFO [2016-04-05 13:38:51] $cat.cex
INFO [2016-04-05 13:38:51] [1] 1.5
INFO [2016-04-05 13:38:51] 
INFO [2016-04-05 13:38:51] $cat.pos
INFO [2016-04-05 13:38:51] [1] 0
INFO [2016-04-05 13:38:51] 
INFO [2016-04-05 13:38:51] $cat.dist
INFO [2016-04-05 13:38:51] [1] 0.07
INFO [2016-04-05 13:38:51] 
INFO [2016-04-05 13:38:51] $cat.fontfamily
INFO [2016-04-05 13:38:51] [1] "serif"
INFO [2016-04-05 13:38:51] 
INFO [2016-04-05 13:38:51] $rotation.degree
INFO [2016-04-05 13:38:51] [1] 0
INFO [2016-04-05 13:38:51] 
INFO [2016-04-05 13:38:51] $margin
INFO [2016-04-05 13:38:51] [1] 0.2
INFO [2016-04-05 13:38:51] 
INFO [2016-04-05 13:38:51] $main
INFO [2016-04-05 13:38:51] [1] "Top 20 differentially involved TFs in each COPD Study"
INFO [2016-04-05 13:38:51] 
INFO [2016-04-05 13:38:51] $main.pos
INFO [2016-04-05 13:38:51] c(0.5, 0.9)
INFO [2016-04-05 13:38:51] 
INFO [2016-04-05 13:38:51] $main.cex
INFO [2016-04-05 13:38:51] [1] 1.4
INFO [2016-04-05 13:38:51] 
