This is XeTeX, Version 3.1415926-2.5-0.9999.3 (TeX Live 2013/Debian) (format=xelatex 2017.2.23)  14 APR 2017 09:55
entering extended mode
 restricted \write18 enabled.
 %&-line parsing enabled.
**dissertation.tex
(./dissertation.tex
LaTeX2e <2011/06/27>
Babel <3.9h> and hyphenation patterns for 78 languages loaded.
(./Dissertate.cls
Document Class: Dissertate 2014/03/25 v2.0 Dissertate Class
(/usr/share/texlive/texmf-dist/tex/latex/base/book.cls
Document Class: book 2007/10/19 v1.4h Standard LaTeX document class
(/usr/share/texlive/texmf-dist/tex/latex/base/bk12.clo
File: bk12.clo 2007/10/19 v1.4h Standard LaTeX file (size option)
)
\c@part=\count80
\c@chapter=\count81
\c@section=\count82
\c@subsection=\count83
\c@subsubsection=\count84
\c@paragraph=\count85
\c@subparagraph=\count86
\c@figure=\count87
\c@table=\count88
\abovecaptionskip=\skip41
\belowcaptionskip=\skip42
\bibindent=\dimen102
)
(/usr/share/texlive/texmf-dist/tex/latex/etoolbox/etoolbox.sty
Package: etoolbox 2011/01/03 v2.1 e-TeX tools for LaTeX

(/usr/share/texlive/texmf-dist/tex/latex/etex-pkg/etex.sty
Package: etex 1998/03/26 v2.0 eTeX basic definition package (PEB)
\et@xins=\count89
)
\etb@tempcnta=\count90
)
(/usr/share/texlive/texmf-dist/tex/latex/base/authblk.sty
Package: authblk 2001/02/27 1.3 (PWD)
\affilsep=\skip43
\@affilsep=\skip44
\c@Maxaffil=\count91
\c@authors=\count92
\c@affil=\count93
)
(/usr/share/texlive/texmf-dist/tex/latex/booktabs/booktabs.sty
Package: booktabs 2005/04/14 v1.61803 publication quality tables
\heavyrulewidth=\dimen103
\lightrulewidth=\dimen104
\cmidrulewidth=\dimen105
\belowrulesep=\dimen106
\belowbottomsep=\dimen107
\aboverulesep=\dimen108
\abovetopsep=\dimen109
\cmidrulesep=\dimen110
\cmidrulekern=\dimen111
\defaultaddspace=\dimen112
\@cmidla=\count94
\@cmidlb=\count95
\@aboverulesep=\dimen113
\@belowrulesep=\dimen114
\@thisruleclass=\count96
\@lastruleclass=\count97
\@thisrulewidth=\dimen115
)
(/usr/share/texlive/texmf-dist/tex/latex/geometry/geometry.sty
Package: geometry 2010/09/12 v5.6 Page Geometry

(/usr/share/texlive/texmf-dist/tex/latex/graphics/keyval.sty
Package: keyval 1999/03/16 v1.13 key=value parser (DPC)
\KV@toks@=\toks14
)
(/usr/share/texlive/texmf-dist/tex/generic/oberdiek/ifpdf.sty
Package: ifpdf 2011/01/30 v2.3 Provides the ifpdf switch (HO)
Package ifpdf Info: pdfTeX in PDF mode is not detected.
)
(/usr/share/texlive/texmf-dist/tex/generic/oberdiek/ifvtex.sty
Package: ifvtex 2010/03/01 v1.5 Detect VTeX and its facilities (HO)
Package ifvtex Info: VTeX not detected.
)
(/usr/share/texlive/texmf-dist/tex/generic/ifxetex/ifxetex.sty
Package: ifxetex 2010/09/12 v0.6 Provides ifxetex conditional
)
\Gm@cnth=\count98
\Gm@cntv=\count99
\c@Gm@tempcnt=\count100
\Gm@bindingoffset=\dimen116
\Gm@wd@mp=\dimen117
\Gm@odd@mp=\dimen118
\Gm@even@mp=\dimen119
\Gm@layoutwidth=\dimen120
\Gm@layoutheight=\dimen121
\Gm@layouthoffset=\dimen122
\Gm@layoutvoffset=\dimen123
\Gm@dimlist=\toks15
)
(/usr/share/texlive/texmf-dist/tex/latex/ms/ragged2e.sty
Package: ragged2e 2009/05/21 v2.1 ragged2e Package (MS)

(/usr/share/texlive/texmf-dist/tex/latex/ms/everysel.sty
Package: everysel 2011/10/28 v1.2 EverySelectfont Package (MS)
)
\CenteringLeftskip=\skip45
\RaggedLeftLeftskip=\skip46
\RaggedRightLeftskip=\skip47
\CenteringRightskip=\skip48
\RaggedLeftRightskip=\skip49
\RaggedRightRightskip=\skip50
\CenteringParfillskip=\skip51
\RaggedLeftParfillskip=\skip52
\RaggedRightParfillskip=\skip53
\JustifyingParfillskip=\skip54
\CenteringParindent=\skip55
\RaggedLeftParindent=\skip56
\RaggedRightParindent=\skip57
\JustifyingParindent=\skip58
)
(/usr/share/texlive/texmf-dist/tex/latex/graphics/graphicx.sty
Package: graphicx 1999/02/16 v1.0f Enhanced LaTeX Graphics (DPC,SPQR)

(/usr/share/texlive/texmf-dist/tex/latex/graphics/graphics.sty
Package: graphics 2009/02/05 v1.0o Standard LaTeX Graphics (DPC,SPQR)

(/usr/share/texlive/texmf-dist/tex/latex/graphics/trig.sty
Package: trig 1999/03/16 v1.09 sin cos tan (DPC)
)
(/usr/share/texlive/texmf-dist/tex/latex/latexconfig/graphics.cfg
File: graphics.cfg 2010/04/23 v1.9 graphics configuration of TeX Live
)
Package graphics Info: Driver file: xetex.def on input line 91.

(/usr/share/texlive/texmf-dist/tex/xelatex/xetex-def/xetex.def
File: xetex.def 2013/04/29 v0.96 LaTeX color/graphics driver for XeTeX (RRM/JK)

))
\Gin@req@height=\dimen124
\Gin@req@width=\dimen125
)
(/usr/share/texlive/texmf-dist/tex/latex/base/fixltx2e.sty
Package: fixltx2e 2006/09/13 v1.1m fixes to LaTeX
LaTeX Info: Redefining \em on input line 420.
)
(/usr/share/texlive/texmf-dist/tex/latex/lettrine/lettrine.sty
File: lettrine.sty 2013/03/14 v1.64 (Daniel Flipo)
\c@DefaultLines=\count101
\DefaultFindent=\dimen126
\DefaultNindent=\dimen127
\DefaultSlope=\dimen128
\L@lbox=\box26
\L@tbox=\box27
\c@L@lines=\count102
\L@Pindent=\dimen129
\L@Findent=\dimen130
\L@Nindent=\dimen131
\L@lraise=\dimen132
\L@first=\dimen133
\L@next=\dimen134
\L@slope=\dimen135
\L@height=\dimen136
\LettrineWidth=\dimen137

Loading lettrine.cfg
(/usr/share/texlive/texmf-dist/tex/latex/lettrine/lettrine.cfg))
(/usr/share/texlive/texmf-dist/tex/latex/setspace/setspace.sty
Package: setspace 2011/12/19 v6.7a set line spacing
)
(/usr/share/texlive/texmf-dist/tex/latex/tools/verbatim.sty
Package: verbatim 2003/08/22 v1.5q LaTeX2e package for verbatim enhancements
\every@verbatim=\toks16
\verbatim@line=\toks17
\verbatim@in@stream=\read1
)
(/usr/share/texlive/texmf-dist/tex/latex/amsmath/amsmath.sty
Package: amsmath 2013/01/14 v2.14 AMS math features
\@mathmargin=\skip59

For additional information on amsmath, use the `?' option.
(/usr/share/texlive/texmf-dist/tex/latex/amsmath/amstext.sty
Package: amstext 2000/06/29 v2.01

(/usr/share/texlive/texmf-dist/tex/latex/amsmath/amsgen.sty
File: amsgen.sty 1999/11/30 v2.0
\@emptytoks=\toks18
\ex@=\dimen138
))
(/usr/share/texlive/texmf-dist/tex/latex/amsmath/amsbsy.sty
Package: amsbsy 1999/11/29 v1.2d
\pmbraise@=\dimen139
)
(/usr/share/texlive/texmf-dist/tex/latex/amsmath/amsopn.sty
Package: amsopn 1999/12/14 v2.01 operator names
)
\inf@bad=\count103
LaTeX Info: Redefining \frac on input line 210.
\uproot@=\count104
\leftroot@=\count105
LaTeX Info: Redefining \overline on input line 306.
\classnum@=\count106
\DOTSCASE@=\count107
LaTeX Info: Redefining \ldots on input line 378.
LaTeX Info: Redefining \dots on input line 381.
LaTeX Info: Redefining \cdots on input line 466.
\Mathstrutbox@=\box28
\strutbox@=\box29
\big@size=\dimen140
LaTeX Font Info:    Redeclaring font encoding OML on input line 566.
LaTeX Font Info:    Redeclaring font encoding OMS on input line 567.
\macc@depth=\count108
\c@MaxMatrixCols=\count109
\dotsspace@=\muskip10
\c@parentequation=\count110
\dspbrk@lvl=\count111
\tag@help=\toks19
\row@=\count112
\column@=\count113
\maxfields@=\count114
\andhelp@=\toks20
\eqnshift@=\dimen141
\alignsep@=\dimen142
\tagshift@=\dimen143
\tagwidth@=\dimen144
\totwidth@=\dimen145
\lineht@=\dimen146
\@envbody=\toks21
\multlinegap=\skip60
\multlinetaggap=\skip61
\mathdisplay@stack=\toks22
LaTeX Info: Redefining \[ on input line 2665.
LaTeX Info: Redefining \] on input line 2666.
)
(/usr/share/texlive/texmf-dist/tex/latex/multirow/multirow.sty
\bigstrutjot=\dimen147
)
(/usr/share/texlive/texmf-dist/tex/latex/graphics/color.sty
Package: color 2005/11/14 v1.0j Standard LaTeX Color (DPC)

(/usr/share/texlive/texmf-dist/tex/latex/latexconfig/color.cfg
File: color.cfg 2007/01/18 v1.5 color configuration of teTeX/TeXLive
)
Package color Info: Driver file: xetex.def on input line 130.
)
(/usr/share/texmf/tex/latex/xcolor/xcolor.sty
Package: xcolor 2007/01/21 v2.11 LaTeX color extensions (UK)

(/usr/share/texlive/texmf-dist/tex/latex/latexconfig/color.cfg
File: color.cfg 2007/01/18 v1.5 color configuration of teTeX/TeXLive
)
Package xcolor Info: Driver file: xetex.def on input line 225.
LaTeX Info: Redefining \color on input line 702.
Package xcolor Info: Model `cmy' substituted by `cmy0' on input line 1337.
Package xcolor Info: Model `RGB' extended on input line 1353.
Package xcolor Info: Model `HTML' substituted by `rgb' on input line 1355.
Package xcolor Info: Model `Hsb' substituted by `hsb' on input line 1356.
Package xcolor Info: Model `tHsb' substituted by `hsb' on input line 1357.
Package xcolor Info: Model `HSB' substituted by `hsb' on input line 1358.
Package xcolor Info: Model `Gray' substituted by `gray' on input line 1359.
Package xcolor Info: Model `wave' substituted by `hsb' on input line 1360.
)
(/usr/share/texlive/texmf-dist/tex/latex/hyperref/hyperref.sty
Package: hyperref 2012/11/06 v6.83m Hypertext links for LaTeX

(/usr/share/texlive/texmf-dist/tex/generic/oberdiek/hobsub-hyperref.sty
Package: hobsub-hyperref 2012/05/28 v1.13 Bundle oberdiek, subset hyperref (HO)


(/usr/share/texlive/texmf-dist/tex/generic/oberdiek/hobsub-generic.sty
Package: hobsub-generic 2012/05/28 v1.13 Bundle oberdiek, subset generic (HO)
Package: hobsub 2012/05/28 v1.13 Construct package bundles (HO)
Package: infwarerr 2010/04/08 v1.3 Providing info/warning/error messages (HO)
Package: ltxcmds 2011/11/09 v1.22 LaTeX kernel commands for general use (HO)
Package: ifluatex 2010/03/01 v1.3 Provides the ifluatex switch (HO)
Package ifluatex Info: LuaTeX not detected.
Package hobsub Info: Skipping package `ifvtex' (already loaded).
Package: intcalc 2007/09/27 v1.1 Expandable calculations with integers (HO)
Package hobsub Info: Skipping package `ifpdf' (already loaded).
Package: etexcmds 2011/02/16 v1.5 Avoid name clashes with e-TeX commands (HO)
Package etexcmds Info: Could not find \expanded.
(etexcmds)             That can mean that you are not using pdfTeX 1.50 or
(etexcmds)             that some package has redefined \expanded.
(etexcmds)             In the latter case, load this package earlier.
Package: kvsetkeys 2012/04/25 v1.16 Key value parser (HO)
Package: kvdefinekeys 2011/04/07 v1.3 Define keys (HO)
Package: pdftexcmds 2011/11/29 v0.20 Utility functions of pdfTeX for LuaTeX (HO
)
Package pdftexcmds Info: LuaTeX not detected.
Package pdftexcmds Info: pdfTeX >= 1.30 not detected.
Package pdftexcmds Info: \pdf@primitive is available.
Package pdftexcmds Info: \pdf@ifprimitive is available.
Package pdftexcmds Info: \pdfdraftmode not found.
Package: pdfescape 2011/11/25 v1.13 Implements pdfTeX's escape features (HO)
Package: bigintcalc 2012/04/08 v1.3 Expandable calculations on big integers (HO
)
Package: bitset 2011/01/30 v1.1 Handle bit-vector datatype (HO)
Package: uniquecounter 2011/01/30 v1.2 Provide unlimited unique counter (HO)
)
Package hobsub Info: Skipping package `hobsub' (already loaded).
Package: letltxmacro 2010/09/02 v1.4 Let assignment for LaTeX macros (HO)
Package: hopatch 2012/05/28 v1.2 Wrapper for package hooks (HO)
Package: xcolor-patch 2011/01/30 xcolor patch
Package: atveryend 2011/06/30 v1.8 Hooks at the very end of document (HO)
Package: atbegshi 2011/10/05 v1.16 At begin shipout hook (HO)
Package: refcount 2011/10/16 v3.4 Data extraction from label references (HO)
Package: hycolor 2011/01/30 v1.7 Color options for hyperref/bookmark (HO)
)
(/usr/share/texlive/texmf-dist/tex/latex/oberdiek/auxhook.sty
Package: auxhook 2011/03/04 v1.3 Hooks for auxiliary files (HO)
)
(/usr/share/texlive/texmf-dist/tex/latex/oberdiek/kvoptions.sty
Package: kvoptions 2011/06/30 v3.11 Key value format for package options (HO)
)
\@linkdim=\dimen148
\Hy@linkcounter=\count115
\Hy@pagecounter=\count116

(/usr/share/texlive/texmf-dist/tex/latex/hyperref/pd1enc.def
File: pd1enc.def 2012/11/06 v6.83m Hyperref: PDFDocEncoding definition (HO)
)
\Hy@SavedSpaceFactor=\count117

(/usr/share/texlive/texmf-dist/tex/latex/latexconfig/hyperref.cfg
File: hyperref.cfg 2002/06/06 v1.2 hyperref configuration of TeXLive
)
Package hyperref Info: Hyper figures OFF on input line 4443.
Package hyperref Info: Link nesting OFF on input line 4448.
Package hyperref Info: Hyper index ON on input line 4451.
Package hyperref Info: Plain pages OFF on input line 4458.
Package hyperref Info: Backreferencing OFF on input line 4463.
Package hyperref Info: Implicit mode ON; LaTeX internals redefined.
Package hyperref Info: Bookmarks ON on input line 4688.
\c@Hy@tempcnt=\count118

(/usr/share/texlive/texmf-dist/tex/latex/url/url.sty
\Urlmuskip=\muskip11
Package: url 2013/09/16  ver 3.4  Verb mode for urls, etc.
)
LaTeX Info: Redefining \url on input line 5041.
\XeTeXLinkMargin=\dimen149
\Fld@menulength=\count119
\Field@Width=\dimen150
\Fld@charsize=\dimen151
Package hyperref Info: Hyper figures OFF on input line 6295.
Package hyperref Info: Link nesting OFF on input line 6300.
Package hyperref Info: Hyper index ON on input line 6303.
Package hyperref Info: backreferencing OFF on input line 6310.
Package hyperref Info: Link coloring OFF on input line 6315.
Package hyperref Info: Link coloring with OCG OFF on input line 6320.
Package hyperref Info: PDF/A mode OFF on input line 6325.
LaTeX Info: Redefining \ref on input line 6365.
LaTeX Info: Redefining \pageref on input line 6369.
\Hy@abspage=\count120
\c@Item=\count121
\c@Hfootnote=\count122
)

Package hyperref Message: Driver (autodetected): hxetex.

(/usr/share/texlive/texmf-dist/tex/latex/hyperref/hxetex.def
File: hxetex.def 2012/11/06 v6.83m Hyperref driver for XeTeX

(/usr/share/texlive/texmf-dist/tex/latex/hyperref/puenc.def
File: puenc.def 2012/11/06 v6.83m Hyperref: PDF Unicode definition (HO)
)
(/usr/share/texlive/texmf-dist/tex/generic/oberdiek/stringenc.sty
Package: stringenc 2011/12/02 v1.10 Convert strings between diff. encodings (HO
)
)
\pdfm@box=\box30
\c@Hy@AnnotLevel=\count123
\HyField@AnnotCount=\count124
\Fld@listcount=\count125
\c@bookmark@seq@number=\count126

(/usr/share/texlive/texmf-dist/tex/latex/oberdiek/rerunfilecheck.sty
Package: rerunfilecheck 2011/04/15 v1.7 Rerun checks for auxiliary files (HO)
Package rerunfilecheck Info: Feature \pdfmdfivesum is not available
(rerunfilecheck)             (e.g. pdfTeX or LuaTeX with package `pdftexcmds').

(rerunfilecheck)             Therefore file contents cannot be checked efficien
tly
(rerunfilecheck)             and the loading of the package is aborted.
)
\Hy@SectionHShift=\skip62
)
(/usr/share/texlive/texmf-dist/tex/latex/amsfonts/amssymb.sty
Package: amssymb 2013/01/14 v3.01 AMS font symbols

(/usr/share/texlive/texmf-dist/tex/latex/amsfonts/amsfonts.sty
Package: amsfonts 2013/01/14 v3.01 Basic AMSFonts support
\symAMSa=\mathgroup4
\symAMSb=\mathgroup5
LaTeX Font Info:    Overwriting math alphabet `\mathfrak' in version `bold'
(Font)                  U/euf/m/n --> U/euf/b/n on input line 106.
))
(/usr/share/texlive/texmf-dist/tex/xelatex/mathspec/mathspec.sty
Package: mathspec 2009/09/30 v0.2 LaTeX Package (Mathematics font selection for
 XeLaTeX)

(/usr/share/texlive/texmf-dist/tex/latex/fontspec/fontspec.sty
Package: fontspec 2013/05/20 v2.3c Font selection for XeLaTeX and LuaLaTeX

(/usr/share/texlive/texmf-dist/tex/latex/l3kernel/expl3.sty
(/usr/share/texlive/texmf-dist/tex/latex/l3kernel/l3names.sty
(/usr/share/texlive/texmf-dist/tex/latex/l3kernel/l3bootstrap.sty
Package: l3bootstrap 2014/01/04 v4640 L3 Experimental bootstrap code
)
Package: l3names 2014/01/04 v4640 L3 Namespace for primitives
)
Package: expl3 2014/01/07 v4646 L3 Experimental code bundle wrapper

(/usr/share/texlive/texmf-dist/tex/latex/l3kernel/l3basics.sty
Package: l3basics 2014/01/04 v4642 L3 Basic definitions
)
(/usr/share/texlive/texmf-dist/tex/latex/l3kernel/l3expan.sty
Package: l3expan 2014/01/04 v4642 L3 Argument expansion
)
(/usr/share/texlive/texmf-dist/tex/latex/l3kernel/l3tl.sty
Package: l3tl 2013/12/27 v4625 L3 Token lists
)
(/usr/share/texlive/texmf-dist/tex/latex/l3kernel/l3seq.sty
Package: l3seq 2013/12/14 v4623 L3 Sequences and stacks
)
(/usr/share/texlive/texmf-dist/tex/latex/l3kernel/l3int.sty
Package: l3int 2013/08/02 v4583 L3 Integers
\c_max_int=\count127
\l_tmpa_int=\count128
\l_tmpb_int=\count129
\g_tmpa_int=\count130
\g_tmpb_int=\count131
)
(/usr/share/texlive/texmf-dist/tex/latex/l3kernel/l3quark.sty
Package: l3quark 2013/12/14 v4623 L3 Quarks
)
(/usr/share/texlive/texmf-dist/tex/latex/l3kernel/l3prg.sty
Package: l3prg 2014/01/04 v4642 L3 Control structures
\g__prg_map_int=\count132
)
(/usr/share/texlive/texmf-dist/tex/latex/l3kernel/l3clist.sty
Package: l3clist 2013/07/28 v4581 L3 Comma separated lists
)
(/usr/share/texlive/texmf-dist/tex/latex/l3kernel/l3token.sty
Package: l3token 2013/08/25 v4587 L3 Experimental token manipulation
)
(/usr/share/texlive/texmf-dist/tex/latex/l3kernel/l3prop.sty
Package: l3prop 2013/12/14 v4623 L3 Property lists
)
(/usr/share/texlive/texmf-dist/tex/latex/l3kernel/l3msg.sty
Package: l3msg 2013/07/28 v4581 L3 Messages
)
(/usr/share/texlive/texmf-dist/tex/latex/l3kernel/l3file.sty
Package: l3file 2013/10/13 v4596 L3 File and I/O operations
\l_iow_line_count_int=\count133
\l__iow_target_count_int=\count134
\l__iow_current_line_int=\count135
\l__iow_current_word_int=\count136
\l__iow_current_indentation_int=\count137
)
(/usr/share/texlive/texmf-dist/tex/latex/l3kernel/l3skip.sty
Package: l3skip 2013/07/28 v4581 L3 Dimensions and skips
\c_zero_dim=\dimen152
\c_max_dim=\dimen153
\l_tmpa_dim=\dimen154
\l_tmpb_dim=\dimen155
\g_tmpa_dim=\dimen156
\g_tmpb_dim=\dimen157
\c_zero_skip=\skip63
\c_max_skip=\skip64
\l_tmpa_skip=\skip65
\l_tmpb_skip=\skip66
\g_tmpa_skip=\skip67
\g_tmpb_skip=\skip68
\c_zero_muskip=\muskip12
\c_max_muskip=\muskip13
\l_tmpa_muskip=\muskip14
\l_tmpb_muskip=\muskip15
\g_tmpa_muskip=\muskip16
\g_tmpb_muskip=\muskip17
)
(/usr/share/texlive/texmf-dist/tex/latex/l3kernel/l3keys.sty
Package: l3keys 2013/12/08 v4614 L3 Experimental key-value interfaces
\g__keyval_level_int=\count138
\l_keys_choice_int=\count139
)
(/usr/share/texlive/texmf-dist/tex/latex/l3kernel/l3fp.sty
Package: l3fp 2014/01/04 v4642 L3 Floating points
\c__fp_leading_shift_int=\count140
\c__fp_middle_shift_int=\count141
\c__fp_trailing_shift_int=\count142
\c__fp_big_leading_shift_int=\count143
\c__fp_big_middle_shift_int=\count144
\c__fp_big_trailing_shift_int=\count145
\c__fp_Bigg_leading_shift_int=\count146
\c__fp_Bigg_middle_shift_int=\count147
\c__fp_Bigg_trailing_shift_int=\count148
)
(/usr/share/texlive/texmf-dist/tex/latex/l3kernel/l3box.sty
Package: l3box 2013/07/28 v4581 L3 Experimental boxes
\c_empty_box=\box31
\l_tmpa_box=\box32
\l_tmpb_box=\box33
\g_tmpa_box=\box34
\g_tmpb_box=\box35
)
(/usr/share/texlive/texmf-dist/tex/latex/l3kernel/l3coffins.sty
Package: l3coffins 2013/12/14 v4624 L3 Coffin code layer
\l__coffin_internal_box=\box36
\l__coffin_internal_dim=\dimen158
\l__coffin_offset_x_dim=\dimen159
\l__coffin_offset_y_dim=\dimen160
\l__coffin_x_dim=\dimen161
\l__coffin_y_dim=\dimen162
\l__coffin_x_prime_dim=\dimen163
\l__coffin_y_prime_dim=\dimen164
\c_empty_coffin=\box37
\l__coffin_aligned_coffin=\box38
\l__coffin_aligned_internal_coffin=\box39
\l_tmpa_coffin=\box40
\l_tmpb_coffin=\box41
\l__coffin_display_coffin=\box42
\l__coffin_display_coord_coffin=\box43
\l__coffin_display_pole_coffin=\box44
\l__coffin_display_offset_dim=\dimen165
\l__coffin_display_x_dim=\dimen166
\l__coffin_display_y_dim=\dimen167
)
(/usr/share/texlive/texmf-dist/tex/latex/l3kernel/l3color.sty
Package: l3color 2012/08/29 v4156 L3 Experimental color support
)
(/usr/share/texlive/texmf-dist/tex/latex/l3kernel/l3luatex.sty
Package: l3luatex 2013/07/28 v4581 L3 Experimental LuaTeX-specific functions
\g__cctab_allocate_int=\count149
\g__cctab_stack_int=\count150
)
(/usr/share/texlive/texmf-dist/tex/latex/l3kernel/l3candidates.sty
Package: l3candidates 2014/01/06 v4643 L3 Experimental additions to l3kernel
\l__box_top_dim=\dimen168
\l__box_bottom_dim=\dimen169
\l__box_left_dim=\dimen170
\l__box_right_dim=\dimen171
\l__box_top_new_dim=\dimen172
\l__box_bottom_new_dim=\dimen173
\l__box_left_new_dim=\dimen174
\l__box_right_new_dim=\dimen175
\l__box_internal_box=\box45
\l__coffin_bounding_shift_dim=\dimen176
\l__coffin_left_corner_dim=\dimen177
\l__coffin_right_corner_dim=\dimen178
\l__coffin_bottom_corner_dim=\dimen179
\l__coffin_top_corner_dim=\dimen180
\l__coffin_scaled_total_height_dim=\dimen181
\l__coffin_scaled_width_dim=\dimen182
))
(/usr/share/texlive/texmf-dist/tex/latex/l3packages/xparse/xparse.sty
Package: xparse 2013/12/31 v4634 L3 Experimental document command parser
\l__xparse_current_arg_int=\count151
\l__xparse_m_args_int=\count152
\l__xparse_mandatory_args_int=\count153
\l__xparse_processor_int=\count154
\l__xparse_v_nesting_int=\count155
)
\l_fontspec_script_int=\count156
\l_fontspec_language_int=\count157
\l_fontspec_strnum_int=\count158
\l_fontspec_tmpa_dim=\dimen183
\l_fontspec_tmpb_dim=\dimen184
\l_fontspec_tmpc_dim=\dimen185
Variant \tl_gset:cV already defined; not changing it on line 69

(/usr/share/texlive/texmf-dist/tex/latex/fontspec/fontspec-patches.sty
Package: fontspec-patches 2013/05/20 v2.3c Font selection for XeLaTeX and LuaLa
TeX
LaTeX Info: Redefining \em on input line 22.
LaTeX Info: Redefining \emph on input line 30.
LaTeX Info: Redefining \- on input line 33.

*************************************************
* LaTeX warning: "xparse/redefine-command"
* 
* Redefining document command \oldstylenums with arg. spec. 'm' on line 128.
*************************************************
.................................................
. LaTeX info: "xparse/define-command"
. 
. Defining document command \liningnums with arg. spec. 'm' on line 132.
.................................................
) (/usr/share/texlive/texmf-dist/tex/latex/fontspec/fontspec-xetex.sty
Package: fontspec-xetex 2013/05/20 v2.3c Font selection for XeLaTeX and LuaLaTe
X

(/usr/share/texlive/texmf-dist/tex/latex/base/fontenc.sty
Package: fontenc 2005/09/27 v1.99g Standard LaTeX package

(/usr/share/texlive/texmf-dist/tex/latex/euenc/eu1enc.def
File: eu1enc.def 2010/05/27 v0.1h Experimental Unicode font encodings
)
LaTeX Font Info:    Try loading font information for EU1+lmr on input line 100.


(/usr/share/texlive/texmf-dist/tex/latex/euenc/eu1lmr.fd
File: eu1lmr.fd 2009/10/30 v1.6 Font defs for Latin Modern
))
(/usr/share/texlive/texmf-dist/tex/xelatex/xunicode/xunicode.sty
File: xunicode.sty 2011/09/09 v0.981 provides access to latin accents and many 
other characters in Unicode lower plane

(/usr/share/texmf/tex/latex/tipa/t3enc.def
File: t3enc.def 2001/12/31 T3 encoding
LaTeX Font Info:    Try loading font information for EU1+lmss on input line 357
.

(/usr/share/texlive/texmf-dist/tex/latex/euenc/eu1lmss.fd
File: eu1lmss.fd 2009/10/30 v1.6 Font defs for Latin Modern
))
\tipaTiiicode=\count159
\tipasavetokens=\toks23
\tipachecktokens=\toks24
)
.................................................
. LaTeX info: "xparse/define-command"
. 
. Defining document command \fontspec with arg. spec. 'O{}m' on line 41.
.................................................
.................................................
. LaTeX info: "xparse/define-command"
. 
. Defining document command \setmainfont with arg. spec. 'O{}m' on line 46.
.................................................
.................................................
. LaTeX info: "xparse/define-command"
. 
. Defining document command \setsansfont with arg. spec. 'O{}m' on line 51.
.................................................
.................................................
. LaTeX info: "xparse/define-command"
. 
. Defining document command \setmonofont with arg. spec. 'O{}m' on line 56.
.................................................
.................................................
. LaTeX info: "xparse/define-command"
. 
. Defining document command \setmathrm with arg. spec. 'O{}m' on line 65.
.................................................
.................................................
. LaTeX info: "xparse/define-command"
. 
. Defining document command \setboldmathrm with arg. spec. 'O{}m' on line 69.
.................................................
.................................................
. LaTeX info: "xparse/define-command"
. 
. Defining document command \setmathsf with arg. spec. 'O{}m' on line 73.
.................................................
.................................................
. LaTeX info: "xparse/define-command"
. 
. Defining document command \setmathtt with arg. spec. 'O{}m' on line 77.
.................................................
.................................................
. LaTeX info: "xparse/define-command"
. 
. Defining document command \newfontfamily with arg. spec. 'mO{}m' on line 96.
.................................................
.................................................
. LaTeX info: "xparse/define-command"
. 
. Defining document command \newfontface with arg. spec. 'mO{}m' on line 100.
.................................................
.................................................
. LaTeX info: "xparse/define-command"
. 
. Defining document command \defaultfontfeatures with arg. spec. 'om' on line
. 108.
.................................................
.................................................
. LaTeX info: "xparse/define-command"
. 
. Defining document command \addfontfeatures with arg. spec. 'm' on line 144.
.................................................
.................................................
. LaTeX info: "xparse/define-command"
. 
. Defining document command \newfontfeature with arg. spec. 'mm' on line 156.
.................................................
.................................................
. LaTeX info: "xparse/define-command"
. 
. Defining document command \newAATfeature with arg. spec. 'mmmm' on line 164.
.................................................
.................................................
. LaTeX info: "xparse/define-command"
. 
. Defining document command \newICUfeature with arg. spec. 'mmm' on line 172.
.................................................
.................................................
. LaTeX info: "xparse/define-command"
. 
. Defining document command \aliasfontfeature with arg. spec. 'mm' on line
. 201.
.................................................
.................................................
. LaTeX info: "xparse/define-command"
. 
. Defining document command \aliasfontfeatureoption with arg. spec. 'mmm' on
. line 203.
.................................................
.................................................
. LaTeX info: "xparse/define-command"
. 
. Defining document command \newfontscript with arg. spec. 'mm' on line 208.
.................................................
.................................................
. LaTeX info: "xparse/define-command"
. 
. Defining document command \newfontlanguage with arg. spec. 'mm' on line 235.
.................................................
.................................................
. LaTeX info: "xparse/define-command"
. 
. Defining document command \DeclareFontsExtensions with arg. spec. 'm' on
. line 256.
.................................................
Variant \prop_gput:cnV already defined; not changing it on line 582
Variant \prop_gput:cnx already defined; not changing it on line 583
\l_fontspec_tmp_int=\count160
LaTeX Info: Redefining \itshape on input line 2087.
LaTeX Info: Redefining \slshape on input line 2092.
LaTeX Info: Redefining \scshape on input line 2097.
LaTeX Info: Redefining \upshape on input line 2102.

(/usr/share/texlive/texmf-dist/tex/latex/fontspec/fontspec.cfg)))
(/usr/share/texlive/texmf-dist/tex/latex/xkeyval/xkeyval.sty
Package: xkeyval 2012/10/14 v2.6b package option processing (HA)

(/usr/share/texlive/texmf-dist/tex/generic/xkeyval/xkeyval.tex
\XKV@toks=\toks25
\XKV@tempa@toks=\toks26
\XKV@depth=\count161
File: xkeyval.tex 2012/10/14 v2.6b key=value parser (HA)
))
\c@eu@=\count162
\c@eu@i=\count163
\c@mkern=\count164
)
(/usr/share/texlive/texmf-dist/tex/latex/caption/caption.sty
Package: caption 2013/05/02 v3.3-89 Customizing captions (AR)

(/usr/share/texlive/texmf-dist/tex/latex/caption/caption3.sty
Package: caption3 2013/05/02 v1.6-88 caption3 kernel (AR)
Package caption3 Info: TeX engine: e-TeX on input line 57.
\captionmargin=\dimen186
\captionmargin@=\dimen187
\captionwidth=\dimen188
\caption@tempdima=\dimen189
\caption@indent=\dimen190
\caption@parindent=\dimen191
\caption@hangindent=\dimen192
)
Package caption Info: We need package `newfloat' on input line 293.

(/usr/share/texlive/texmf-dist/tex/latex/caption/newfloat.sty
Package: newfloat 2013/05/11 v1.1-91 Defining new floating environments (AR)
)
\c@ContinuedFloat=\count165
Package caption Info: hyperref package is loaded.
)
(/usr/share/texlive/texmf-dist/tex/latex/microtype/microtype.sty
Package: microtype 2013/05/23 v2.5a Micro-typographical refinements (RS)
\MT@toks=\toks27
\MT@count=\count166
LaTeX Info: Redefining \textls on input line 766.
\MT@outer@kern=\dimen193
LaTeX Info: Redefining \textmicrotypecontext on input line 1285.
\MT@listname@count=\count167

(/usr/share/texlive/texmf-dist/tex/latex/microtype/microtype-xetex.def
File: microtype-xetex.def 2013/05/23 v2.5a Definitions specific to xetex (RS)
LaTeX Info: Redefining \lsstyle on input line 254.
)
Package microtype Info: Loading configuration file microtype.cfg.

(/usr/share/texlive/texmf-dist/tex/latex/microtype/microtype.cfg
File: microtype.cfg 2013/05/23 v2.5a microtype main configuration file (RS)
))
(/usr/share/texlive/texmf-dist/tex/latex/fancyhdr/fancyhdr.sty
\fancy@headwidth=\skip69
\f@ncyO@elh=\skip70
\f@ncyO@erh=\skip71
\f@ncyO@olh=\skip72
\f@ncyO@orh=\skip73
\f@ncyO@elf=\skip74
\f@ncyO@erf=\skip75
\f@ncyO@olf=\skip76
\f@ncyO@orf=\skip77
)
(/usr/share/texlive/texmf-dist/tex/latex/titlesec/titlesec.sty
Package: titlesec 2011/12/15 v2.10.0 Sectioning titles
\ttl@box=\box46
\beforetitleunit=\skip78
\aftertitleunit=\skip79
\ttl@plus=\dimen194
\ttl@minus=\dimen195
\ttl@toksa=\toks28
\titlewidth=\dimen196
\titlewidthlast=\dimen197
\titlewidthfirst=\dimen198
)
(/usr/share/texlive/texmf-dist/tex/latex/titling/titling.sty
Package: titling 2009/09/04 v2.1d maketitle typesetting
\thanksmarkwidth=\skip80
\thanksmargin=\skip81
\droptitle=\skip82
)
(/usr/share/texlive/texmf-dist/tex/latex/tocloft/tocloft.sty
Package: tocloft 2013/05/02 v2.3f parameterised ToC, etc., typesetting
Package tocloft Info: The document has chapter divisions on input line 44.
\cftparskip=\skip83
\cftbeforetoctitleskip=\skip84
\cftaftertoctitleskip=\skip85
\cftbeforepartskip=\skip86
\cftpartnumwidth=\skip87
\cftpartindent=\skip88
\cftbeforechapskip=\skip89
\cftchapindent=\skip90
\cftchapnumwidth=\skip91
\cftbeforesecskip=\skip92
\cftsecindent=\skip93
\cftsecnumwidth=\skip94
\cftbeforesubsecskip=\skip95
\cftsubsecindent=\skip96
\cftsubsecnumwidth=\skip97
\cftbeforesubsubsecskip=\skip98
\cftsubsubsecindent=\skip99
\cftsubsubsecnumwidth=\skip100
\cftbeforeparaskip=\skip101
\cftparaindent=\skip102
\cftparanumwidth=\skip103
\cftbeforesubparaskip=\skip104
\cftsubparaindent=\skip105
\cftsubparanumwidth=\skip106
\cftbeforeloftitleskip=\skip107
\cftafterloftitleskip=\skip108
\cftbeforefigskip=\skip109
\cftfigindent=\skip110
\cftfignumwidth=\skip111
\c@lofdepth=\count168
\c@lotdepth=\count169
\cftbeforelottitleskip=\skip112
\cftafterlottitleskip=\skip113
\cftbeforetabskip=\skip114
\cfttabindent=\skip115
\cfttabnumwidth=\skip116
)
(/usr/share/texlive/texmf-dist/tex/latex/appendix/appendix.sty
Package: appendix 2009/09/02 v1.2b extra appendix facilities
\c@@pps=\count170
\c@@ppsavesec=\count171
\c@@ppsaveapp=\count172
)
(/usr/share/texlive/texmf-dist/tex/latex/natbib/natbib.sty
Package: natbib 2010/09/13 8.31b (PWD, AO)
\bibhang=\skip117
\bibsep=\skip118
LaTeX Info: Redefining \cite on input line 694.
\c@NAT@ctr=\count173
)
(/usr/share/texlive/texmf-dist/tex/latex/quotchap/quotchap.sty
Package: quotchap 2012/10/20 v1.1 Decorative Chapter Headings with Quotes
\@quotebox=\box47
)
\mybibindent=\skip119
Package hyperref Info: Option `colorlinks' set `true' on input line 203.
)
(./dissertation.aux (./chapters/introduction.aux) (./chapters/chapter1.aux)
(./chapters/chapter2.aux) (./chapters/chapter3.aux) (./chapters/conclusion.aux)
)
\openout1 = `dissertation.aux'.

LaTeX Font Info:    Checking defaults for OML/cmm/m/it on input line 8.
LaTeX Font Info:    ... okay on input line 8.
LaTeX Font Info:    Checking defaults for T1/cmr/m/n on input line 8.
LaTeX Font Info:    ... okay on input line 8.
LaTeX Font Info:    Checking defaults for OT1/cmr/m/n on input line 8.
LaTeX Font Info:    ... okay on input line 8.
LaTeX Font Info:    Checking defaults for OMS/cmsy/m/n on input line 8.
LaTeX Font Info:    ... okay on input line 8.
LaTeX Font Info:    Checking defaults for OMX/cmex/m/n on input line 8.
LaTeX Font Info:    ... okay on input line 8.
LaTeX Font Info:    Checking defaults for U/cmr/m/n on input line 8.
LaTeX Font Info:    ... okay on input line 8.
LaTeX Font Info:    Checking defaults for PD1/pdf/m/n on input line 8.
LaTeX Font Info:    ... okay on input line 8.
LaTeX Font Info:    Checking defaults for PU/pdf/m/n on input line 8.
LaTeX Font Info:    ... okay on input line 8.
LaTeX Font Info:    Checking defaults for EU1/lmr/m/n on input line 8.
LaTeX Font Info:    ... okay on input line 8.
LaTeX Font Info:    Checking defaults for T3/cmr/m/n on input line 8.
LaTeX Font Info:    Try loading font information for T3+cmr on input line 8.
 (/usr/share/texmf/tex/latex/tipa/t3cmr.fd
File: t3cmr.fd 2001/12/31 TIPA font definitions
)
LaTeX Font Info:    ... okay on input line 8.

*geometry* driver: auto-detecting
*geometry* detected driver: xetex
*geometry* verbose mode - [ preamble ] result:
* driver: xetex
* paper: letterpaper
* layout: <same size as paper>
* layoutoffset:(h,v)=(0.0pt,0.0pt)
* modes: 
* h-part:(L,W,R)=(99.37125pt, 415.55249pt, 99.37126pt)
* v-part:(T,H,B)=(95.39737pt, 556.47656pt, 143.09605pt)
* \paperwidth=614.295pt
* \paperheight=794.96999pt
* \textwidth=415.55249pt
* \textheight=556.47656pt
* \oddsidemargin=27.10126pt
* \evensidemargin=27.10126pt
* \topmargin=-8.74641pt
* \headheight=15.0pt
* \headsep=19.8738pt
* \topskip=12.0pt
* \footskip=30.0pt
* \marginparwidth=47.0pt
* \marginparsep=7.0pt
* \columnsep=10.0pt
* \skip\footins=10.8pt plus 4.0pt minus 2.0pt
* \hoffset=0.0pt
* \voffset=0.0pt
* \mag=1000
* \@twocolumnfalse
* \@twosidefalse
* \@mparswitchfalse
* \@reversemarginfalse
* (1in=72.27pt=25.4mm, 1cm=28.453pt)

ABD: EverySelectfont initializing macros
LaTeX Info: Redefining \selectfont on input line 8.
\AtBeginShipoutBox=\box48
Package hyperref Info: Link coloring ON on input line 8.

(/usr/share/texlive/texmf-dist/tex/latex/hyperref/nameref.sty
Package: nameref 2012/10/27 v2.43 Cross-referencing by name of section

(/usr/share/texlive/texmf-dist/tex/generic/oberdiek/gettitlestring.sty
Package: gettitlestring 2010/12/03 v1.4 Cleanup title references (HO)
)
\c@section@level=\count174
)
LaTeX Info: Redefining \ref on input line 8.
LaTeX Info: Redefining \pageref on input line 8.
LaTeX Info: Redefining \nameref on input line 8.

(./dissertation.out) (./dissertation.out)
\@outlinefile=\write3
\openout3 = `dissertation.out'.

Package caption Info: Begin \AtBeginDocument code.
Package caption Info: End \AtBeginDocument code.
Package caption Info: We need package `ragged2e' on input line 8.
LaTeX Info: Redefining \microtypecontext on input line 8.
Package microtype Info: Character protrusion enabled (level 2).
Package microtype Info: Using default protrusion set `alltext'.
Package microtype Info: No adjustment of tracking.
Package microtype Info: No adjustment of spacing.
Package microtype Info: No adjustment of kerning.

(/usr/share/texlive/texmf-dist/tex/latex/microtype/mt-LatinModernRoman.cfg
File: mt-LatinModernRoman.cfg 2013/03/13 v1.0 microtype config. file: Latin Mod
ern Roman (RS)
)
(./frontmatter/personalize.tex) (./frontmatter/personalize.tex)
(/usr/share/texlive/texmf-dist/tex/generic/oberdiek/se-ascii-print.def
File: se-ascii-print.def 2011/12/02 v1.10 stringenc: Printable ASCII characters

)
[1

] [2] (./frontmatter/abstract.tex [3]) [4]
LaTeX Font Info:    Try loading font information for T1+pag on input line 13.

(/usr/share/texlive/texmf-dist/tex/latex/psnfss/t1pag.fd
File: t1pag.fd 2001/06/04 font definitions for T1/pag.
)
LaTeX Font Info:    Font shape `T1/pag/b/n' in size <24.88> not available
(Font)              Font shape `T1/pag/db/n' tried instead on input line 13.
Package microtype Info: Loading generic settings for font family
(microtype)             `pag' (encoding: T1).
(microtype)             For optimal results, create family-specific settings.
(microtype)             See the microtype manual for details.
LaTeX Font Info:    Font shape `T1/pag/b/n' in size <100> not available
(Font)              Font shape `T1/pag/db/n' tried instead on input line 13.
 (./dissertation.toc
(/usr/share/texlive/texmf-dist/tex/latex/microtype/mt-cmr.cfg
File: mt-cmr.cfg 2013/05/19 v2.2 microtype config. file: Computer Modern Roman 
(RS)
)
LaTeX Font Info:    Try loading font information for U+msa on input line 1.

(/usr/share/texlive/texmf-dist/tex/latex/amsfonts/umsa.fd
File: umsa.fd 2013/01/14 v3.01 AMS symbols A
)
(/usr/share/texlive/texmf-dist/tex/latex/microtype/mt-msa.cfg
File: mt-msa.cfg 2006/02/04 v1.1 microtype config. file: AMS symbols (a) (RS)
)
LaTeX Font Info:    Try loading font information for U+msb on input line 1.

(/usr/share/texlive/texmf-dist/tex/latex/amsfonts/umsb.fd
File: umsb.fd 2013/01/14 v3.01 AMS symbols B
)
(/usr/share/texlive/texmf-dist/tex/latex/microtype/mt-msb.cfg
File: mt-msb.cfg 2005/06/01 v1.0 microtype config. file: AMS symbols (b) (RS)
)
Overfull \hbox (16.92603pt too wide) in paragraph at lines 2--2
 [][] [][][]\EU1/lmr/m/sc/12 Estimating Drivers of Cell State Transitions Using
 Gene Reg- 
 []


Overfull \hbox (2.418pt too wide) in paragraph at lines 7--7
 [][] [][][]\EU1/lmr/m/sc/12 Identification of genetic outliers due to sub-stru
cture and 
 []


Overfull \hbox (4.77002pt too wide) in paragraph at lines 27--27
 [][] [][][]\EU1/lmr/m/sc/12 Batch effect on covariance structure confounds gen
e coex- 
 []

)
\tf@toc=\write4
\openout4 = `dissertation.toc'.

 [5

] (./frontmatter/thanks.tex) [6

] [7] (./frontmatter/authorlist.tex
Overfull \hbox (1.7455pt too wide) in paragraph at lines 7--7
[]\EU1/lmr/m/n/10.95 Daniel Schlauch$[]$, Kimberly Glass$[]$, Craig P. Hersh$[]
$, Edwin K. Silverman$[]$, 
 []


Overfull \hbox (4.43993pt too wide) in paragraph at lines 20--20
[]\EU1/lmr/m/n/10.95 Daniel Schlauch$[]$, Joseph N. Paulson$[]$, Kimberly Glass
$[]$, John Quackenbush$[]$  
 []

) [8

] (./dissertation.lof
Underfull \hbox (badness 10000) in paragraph at lines 13--13
 [][] [][][]\EU1/lmr/m/n/10.95 Differentially transcription factor involvement 
vs differential gene expres- 
 []


Overfull \hbox (1.79926pt too wide) in paragraph at lines 26--26
 [][] [][][]\EU1/lmr/m/n/10.95 Simulated Principal Component plots for two meth
ods for generating the 
 []


Overfull \hbox (9.98987pt too wide) in paragraph at lines 31--31
 [][] [][][]\EU1/lmr/m/n/10.95 Simulations demonstrate batch correction on diff
erential expression and co- 
 []


Overfull \hbox (3.63887pt too wide) in paragraph at lines 34--34
 [][] [][][]\EU1/lmr/m/n/10.95 Differential expression and absolute differentia
l coexpression in ENCODE 
 []

)
\tf@lof=\write5
\openout5 = `dissertation.lof'.

 [9

] (./dissertation.lot
Overfull \hbox (1.91971pt too wide) in paragraph at lines 6--6
 [][] [][][]\EU1/lmr/m/n/10.95 Presence of population structure and cryptic rel
atedness detected in each 
 []

)
\tf@lot=\write6
\openout6 = `dissertation.lot'.

 [10

]
\openout2 = `chapters/introduction.aux'.

 (./chapters/introduction.tex
Chapter 1.
[1


] [2] [3]) [4] [5] [6]
\openout2 = `chapters/chapter1.aux'.

 (./chapters/chapter1.tex
Underfull \hbox (badness 10000) in paragraph at lines 3--4
[]\EU1/lmr/m/sl/10 ”No models are true. When you construct a
 []


Underfull \hbox (badness 10000) in paragraph at lines 3--4
\EU1/lmr/m/sl/10 model you leave out all the details which you,
 []


Underfull \hbox (badness 10000) in paragraph at lines 3--4
\EU1/lmr/m/sl/10 with the knowledge at your disposal, consider
 []


Underfull \hbox (badness 10000) in paragraph at lines 3--4
\EU1/lmr/m/sl/10 inessential. Models should not be true, but it is
 []


Underfull \hbox (badness 10000) in paragraph at lines 3--4
\EU1/lmr/m/sl/10 important that they are applicable. This also
 []


Underfull \hbox (badness 10000) in paragraph at lines 3--4
\EU1/lmr/m/sl/10 means that a model is never accepted finally,
 []

Chapter 2.
[7



] [8] [9]
File: figures/figure1c.pdf Graphic file (type QTm)
 <use  "figures/figure1c.pdf" >
Package microtype Info: Loading generic settings for font family
(microtype)             `lmss' (encoding: EU1).
(microtype)             For optimal results, create family-specific settings.
(microtype)             See the microtype manual for details.


LaTeX Warning: Float too large for page by 3.91309pt on input line 27.

[10] [11] [12] [13]
Overfull \hbox (6.27289pt too wide) in paragraph at lines 46--47
\EU1/lmr/m/n/10.95 Gene expression data from the LTCDNM (GSE76925)$[]$ was coll
ected using HumanHT- 
 []

[14]
Overfull \hbox (1.4595pt too wide) in paragraph at lines 50--50
|\EU1/lmr/m/sc/12 MONSTER: MOdeling Network State Transitions from Expression
 []

[15]
Overfull \hbox (5.98837pt too wide) in paragraph at lines 56--57
[]\EU1/lmr/m/n/10.95 Motivated by PANDA, we developed a highly computationally 
efficient, classification- 
 []

[16] [17] [18] [19] [20] [21] [22]
File: figures/SupportingFigure1.pdf Graphic file (type QTm)
 <use  "figures/SupportingFigure1.pdf" >
[23] [24] [25]
Overfull \hbox (10.0875pt too wide) in paragraph at lines 191--191
|\EU1/lmr/m/sc/12 MONSTER finds significantly differentially involved transcrip
tion
 []


Overfull \hbox (9.46347pt too wide) in paragraph at lines 191--191
\EU1/lmr/m/sc/12 factors in COPD with strong concordance in independent data se
ts| 
 []

[26] [27]
File: figures/figure2_labeled.pdf Graphic file (type QTm)
 <use  "figures/figure2_labeled.pdf" > [28] [29]
Overfull \hbox (26.63031pt too wide) in paragraph at lines 211--212
\EU1/lmr/m/n/10.95 NRF1 and GABPA (FDR<.001). Indeed, these TFs had highly sign
ificant dTFI (FDR<0.1) 
 []

File: figures/figure3.pdf Graphic file (type QTm)
<use  "figures/figure3.pdf" > [30] [31]
Overfull \hbox (0.43399pt too wide) in paragraph at lines 224--225
[]\EU1/lmr/m/n/10.95 Despite the overall consistency, some transcription factor
s had variable $\OML/cmm/m/it/10.95 dTFI$ \EU1/lmr/m/n/10.95 across 
 []

[32]
File: figures/figure4.pdf Graphic file (type QTm)
 <use  "figures/figure4.pdf" >
Overfull \hbox (24.82349pt too wide) in paragraph at lines 235--235
|\EU1/lmr/m/sc/12 MONSTER recovers network edges in \EU1/lmr/m/it/12 in silico\
EU1/lmr/m/sc/12 , \EU1/lmr/m/it/12 Escherichia coli \EU1/lmr/m/sc/12 and Yeast
 []

[33] [34] [35]
File: figures/SupportingFigure2.pdf Graphic file (type QTm)
 <use  "figures/SupportingFigure2.pdf" >
LaTeX Font Info:    Font shape `EU1/lmss/m/it' in size <10> not available
(Font)              Font shape `EU1/lmss/m/sl' tried instead on input line 244.


Overfull \hbox (5.6955pt too wide) in paragraph at lines 249--249
|\EU1/lmr/m/sc/12 MONSTER accurately predicts transcription factor transitions 
in
 []


Underfull \hbox (badness 10000) in paragraph at lines 253--255
[]\EU1/lmr/m/n/12 AUC-ROC for edge weight differences vs Transition Matrix usin
g various NI
 []

*************************************************
* fontspec warning: "addfontfeatures-ignored"
* 
* \addfontfeature(s) ignored; it cannot be used with a font that wasn't
* selected by fontspec.
*************************************************
[36] [37] [38] [39]
Overfull \hbox (0.9197pt too wide) in paragraph at lines 287--288
\EU1/lmr/m/n/10.95 dom” transition matrices generated based on the randomized p
henotypic labels. MON- 
 []


Overfull \hbox (7.69948pt too wide) in paragraph at lines 289--289
|\EU1/lmr/m/sc/12 Irreproducibility of network inference methods in estimating 
tran-
 []

File: figures/SupportingFigure3.pdf Graphic file (type QTm)
<use  "figures/SupportingFigure3.pdf" > [40] [41] [42]
File: figures/figure2COPDGene.png Graphic file (type QTm)

<use  "figures/figure2COPDGene.png" >
File: figures/figure2LGRC.png Graphic file (type QTm)
 <use  "figures/figure2LGRC.png" >
File: figures/figure2LTCDNM.png Graphic file (type QTm)

<use  "figures/figure2LTCDNM.png" >
File: figures/dTFIvsLIMMAall.pdf Graphic file (type QTm)
 <use  "figures/dTFIvsLIMMAall.pdf" >
*************************************************
* fontspec warning: "addfontfeatures-ignored"
* 
* \addfontfeature(s) ignored; it cannot be used with a font that wasn't
* selected by fontspec.
*************************************************
*************************************************
* fontspec warning: "addfontfeatures-ignored"
* 
* \addfontfeature(s) ignored; it cannot be used with a font that wasn't
* selected by fontspec.
*************************************************

LaTeX Warning: Float too large for page by 45.4636pt on input line 446.

[43] [44] [45] [46] [47] [48] [49] [50]
Overfull \hbox (5.35446pt too wide) in paragraph at lines 467--468
\EU1/lmr/m/n/10.95 The project described was supported by Award Number P01 HL10
5339, R01 HL111759, 
 []

) [51]
\openout2 = `chapters/chapter2.aux'.

 (./chapters/chapter2.tex
Underfull \hbox (badness 10000) in paragraph at lines 3--4
[]\EU1/lmr/m/sl/10 Most people stop looking when they find the
 []


Underfull \hbox (badness 10000) in paragraph at lines 3--4
\EU1/lmr/m/sl/10 proverbial needle in the haystack. I would con-
 []

Chapter 3.
[52



] [53] [54] [55]
Overfull \hbox (0.1094pt too wide) in paragraph at lines 87--99
\EU1/lmr/m/n/10.95 population structure and protect the association study again
st bias due to genetic con- 
 []

[56]

Package amsmath Warning: Foreign command \atopwithdelims;
(amsmath)                \frac or \genfrac should be used instead
(amsmath)                 on input line 116.

[57] [58] [59] [60] [61] [62] [63]
*************************************************
* fontspec warning: "addfontfeatures-ignored"
* 
* \addfontfeature(s) ignored; it cannot be used with a font that wasn't
* selected by fontspec.
*************************************************

Overfull \hbox (9.89052pt too wide) in paragraph at lines 324--337
[][]  
 []

[64]
*************************************************
* fontspec warning: "addfontfeatures-ignored"
* 
* \addfontfeature(s) ignored; it cannot be used with a font that wasn't
* selected by fontspec.
*************************************************

Overfull \hbox (11.9975pt too wide) in paragraph at lines 355--403
[][]  
 []

[65] [66] [67] [68]
Overfull \hbox (69.18335pt too wide) in paragraph at lines 453--453
[]  
 []

[69] [70]
LaTeX Font Info:    Try loading font information for EU1+lmtt on input line 491
.
 (/usr/share/texlive/texmf-dist/tex/latex/euenc/eu1lmtt.fd
File: eu1lmtt.fd 2009/10/30 v1.6 Font defs for Latin Modern
)
Package microtype Info: Loading generic settings for font family
(microtype)             `lmtt' (encoding: EU1).
(microtype)             For optimal results, create family-specific settings.
(microtype)             See the microtype manual for details.

Overfull \hbox (24.07407pt too wide) in paragraph at lines 491--496
[][][]$[][][][][] [] [] [] [][][][][][] [] [][][] [] [][][][][][][][][] [] [][]
[][][][][][][][][][][][][][][] [] [][][][] [] [][][][][][] [] [][][][][][][][][
][][][][][][][] [] 
 []


Overfull \hbox (8.39857pt too wide) in paragraph at lines 491--496
\EU1/lmr/m/n/10.95 a that our method ran substantially faster than correlation 
(\EU1/lmr/bx/n/10.95 cor\EU1/lmr/m/n/10.95 ) and PCA (\EU1/lmr/bx/n/10.95 princ
omp\EU1/lmr/m/n/10.95 ) 
 []

[71]

Package caption Warning: \label without proper \caption on input line 940.
See the caption package documentation for explanation.


LaTeX Warning: Reference `YRIvsX' on page 72 undefined on input line 521.


Overfull \hbox (3.28348pt too wide) in paragraph at lines 530--530
 |[]\EU1/lmr/m/sc/12 Simulations demonstrate sensitivity STEGO to subtle popu-
 []

[72] [73] [74] [75] [76] [77] [78]
File: ./figures/figure1_bw.eps Graphic file (type eps)
 <./figures/figure1_bw.eps>
Overfull \hbox (24.09pt too wide) in paragraph at lines 708--719
 [][] 
 []

File: ./figures/figure2_bw.eps Graphic file (type eps)
<./figures/figure2_bw.eps>
File: ./figures/figure3.eps Graphic file (type eps)
 <./figures/figure3.eps> [79] [80] [81] [82]
File: ./figures/figure4_bw.eps Graphic file (type eps)

<./figures/figure4_bw.eps> [83] [84] [85]
File: ./figures/figure5.eps Graphic file (type eps)
 <./figures/figure5.eps> [86] [87]
Overfull \hbox (36.92331pt too wide) in paragraph at lines 863--864
\EU1/lmr/m/n/10.95 This work was supported by the National Institutes of Health
 [Grant numbers 1P01HL105339, 
 []


Underfull \hbox (badness 10000) in paragraph at lines 868--869
[]\EU1/lmr/bx/n/12 Distribution of similarity statistic within population subgr
oups from
 []

File: figures/PostFilter/ACBdiploid.pdf Graphic file (type QTm)
<use  "figures/PostFilter/ACBdiploid.pdf" >
File: figures/PostFilter/ASWdiploid.pdf Graphic file (type QTm)

<use  "figures/PostFilter/ASWdiploid.pdf" >
File: figures/PostFilter/BEBdiploid.pdf Graphic file (type QTm)

<use  "figures/PostFilter/BEBdiploid.pdf" >
File: figures/PostFilter/CDXdiploid.pdf Graphic file (type QTm)

<use  "figures/PostFilter/CDXdiploid.pdf" >
File: figures/PostFilter/CEUdiploid.pdf Graphic file (type QTm)

<use  "figures/PostFilter/CEUdiploid.pdf" >
File: figures/PostFilter/CHBdiploid.pdf Graphic file (type QTm)

<use  "figures/PostFilter/CHBdiploid.pdf" >
Overfull \hbox (26.72183pt too wide) in paragraph at lines 870--871
[][][][][][][] 
 []

File: figures/PostFilter/CHSdiploid.pdf Graphic file (type QTm)
<use  "figures/PostFilter/CHSdiploid.pdf" >
File: figures/PostFilter/CLMdiploid.pdf Graphic file (type QTm)

<use  "figures/PostFilter/CLMdiploid.pdf" >
File: figures/PostFilter/ESNdiploid.pdf Graphic file (type QTm)

<use  "figures/PostFilter/ESNdiploid.pdf" >
File: figures/PostFilter/FINdiploid.pdf Graphic file (type QTm)

<use  "figures/PostFilter/FINdiploid.pdf" >
File: figures/PostFilter/GBRdiploid.pdf Graphic file (type QTm)

<use  "figures/PostFilter/GBRdiploid.pdf" >
File: figures/PostFilter/GIHdiploid.pdf Graphic file (type QTm)

<use  "figures/PostFilter/GIHdiploid.pdf" >
Overfull \hbox (26.72183pt too wide) in paragraph at lines 872--873
[][][][][][][] 
 []

File: figures/PostFilter/GWDdiploid.pdf Graphic file (type QTm)
<use  "figures/PostFilter/GWDdiploid.pdf" >
File: figures/PostFilter/IBSdiploid.pdf Graphic file (type QTm)

<use  "figures/PostFilter/IBSdiploid.pdf" >
File: figures/PostFilter/ITUdiploid.pdf Graphic file (type QTm)

<use  "figures/PostFilter/ITUdiploid.pdf" >
File: figures/PostFilter/JPTdiploid.pdf Graphic file (type QTm)

<use  "figures/PostFilter/JPTdiploid.pdf" >
File: figures/PostFilter/KHVdiploid.pdf Graphic file (type QTm)

<use  "figures/PostFilter/KHVdiploid.pdf" >
File: figures/PostFilter/LWKdiploid.pdf Graphic file (type QTm)

<use  "figures/PostFilter/LWKdiploid.pdf" >
Overfull \hbox (26.72183pt too wide) in paragraph at lines 874--875
[][][][][][][] 
 []

File: figures/PostFilter/MSLdiploid.pdf Graphic file (type QTm)
<use  "figures/PostFilter/MSLdiploid.pdf" >
File: figures/PostFilter/MXLdiploid.pdf Graphic file (type QTm)

<use  "figures/PostFilter/MXLdiploid.pdf" >
File: figures/PostFilter/PELdiploid.pdf Graphic file (type QTm)

<use  "figures/PostFilter/PELdiploid.pdf" >
File: figures/PostFilter/PJLdiploid.pdf Graphic file (type QTm)

<use  "figures/PostFilter/PJLdiploid.pdf" >
File: figures/PostFilter/PURdiploid.pdf Graphic file (type QTm)

<use  "figures/PostFilter/PURdiploid.pdf" >
File: figures/PostFilter/STUdiploid.pdf Graphic file (type QTm)

<use  "figures/PostFilter/STUdiploid.pdf" >
Overfull \hbox (26.72183pt too wide) in paragraph at lines 876--877
[][][][][][][] 
 []

File: figures/PostFilter/TSIdiploid.pdf Graphic file (type QTm)
<use  "figures/PostFilter/TSIdiploid.pdf" >
File: figures/PostFilter/YRIdiploid.pdf Graphic file (type QTm)

<use  "figures/PostFilter/YRIdiploid.pdf" >
File: figures/GSM_trim.png Graphic file (type QTm)
 <use  "figures/GSM_trim.png" >
File: figures/PCA_all.pdf Graphic file (type QTm)

<use  "figures/PCA_all.pdf" >
File: ./figures/PCA_CEU_GBR.png Graphic file (type QTm)
 <use  "./figures/PCA_CEU_GBR.png" >
File: /home/dan/1000GP/supplemental_figure_wk.pdf Graphic file (type QTm)

<use  "/home/dan/1000GP/supplemental_figure_wk.pdf" >
File: /home/dan/1000GP/plots/YRIvsAll_continent_color_interval.png Graphic file
 (type QTm)

<use  "/home/dan/1000GP/plots/YRIvsAll_continent_color_interval.png" >
File: /home/dan/1000GP/average_timing_comparison.pdf Graphic file (type QTm)

<use  "/home/dan/1000GP/average_timing_comparison.pdf" >
File: /home/dan/1000GP/simulated_PCP_plots.pdf Graphic file (type QTm)

<use  "/home/dan/1000GP/simulated_PCP_plots.pdf" >
File: ./figures/power_curve.eps Graphic file (type eps)
 <./figures/power_curve.eps>
*************************************************
* fontspec warning: "addfontfeatures-ignored"
* 
* \addfontfeature(s) ignored; it cannot be used with a font that wasn't
* selected by fontspec.
*************************************************
) [88] [89] [90] [91] [92] [93] [94] [95] [96] [97]
\openout2 = `chapters/chapter3.aux'.

 (./chapters/chapter3.tex
Underfull \hbox (badness 10000) in paragraph at lines 3--4
[]\EU1/lmr/m/sl/10 Eliminate all other factors, and the one which
 []

Chapter 4.
[98



] [99] [100] [101] [102] [103] [104]
File: figures/simulated_example.eps Graphic file (type eps)
 <figures/simulated_example.eps>

LaTeX Warning: Float too large for page by 13.05902pt on input line 182.


Overfull \hbox (6.56865pt too wide) in paragraph at lines 184--189
[]\EU1/lmr/m/n/10.95 Though methods exist to consider the correlation of genes 
in the presence of location- 
 []

[105] [106] [107]
File: figures/overview2.eps Graphic file (type eps)
 <figures/overview2.eps>

LaTeX Warning: Float too large for page by 8.36752pt on input line 259.

[108] [109] [110] [111]
Overfull \hbox (1.74698pt too wide) in paragraph at lines 354--356
\EU1/lmr/m/n/10.95 The likelihood function for a multivariate normal with mean 
$\OML/cmm/m/it/10.95 ^^V$ \EU1/lmr/m/n/10.95 and variance-covariance 
 []

[112] [113] [114] [115]
Overfull \hbox (1.5555pt too wide) in paragraph at lines 449--449
 |[]\EU1/lmr/m/sc/12 Simulations demonstrate residual coexpression batch effect

 []

[116]
Overfull \hbox (0.67879pt too wide) in paragraph at lines 468--476
\EU1/lmr/m/n/10.95 genes virtually disappeared. Interestingly, the differential
 coexpression was only mildly 
 []

File: figures/demo_diffexpress.pdf Graphic file (type QTm)
<use  "figures/demo_diffexpress.pdf" >
File: figures/demo_diff_coex_density.pdf Graphic file (type QTm)

<use  "figures/demo_diff_coex_density.pdf" >
Overfull \hbox (0.94159pt too wide) in paragraph at lines 496--504
\EU1/lmr/m/n/10.95 We performed a simulation study to determine the relative pe
rformance of our method 
 []

[117] [118] [119]
File: figures/EigenvectorPlots.png Graphic file (type QTm)
 <use  "figures/EigenvectorPlots.png" >
File: figures/NaiveDensity.png Graphic file (type QTm)

<use  "figures/NaiveDensity.png" >
File: figures/OursVsNaive.png Graphic file (type QTm)
 <use  "figures/OursVsNaive.png" >
File: figures/ourMethodDensity.png Graphic file (type QTm)

<use  "figures/ourMethodDensity.png" >
File: figures/OursVsOthersROC.png Graphic file (type QTm)
 <use  "figures/OursVsOthersROC.png" >
LaTeX Font Info:    Font shape `EU1/lmss/bx/it' in size <10> not available
(Font)              Font shape `EU1/lmss/bx/sl' tried instead on input line 588
.

Overfull \hbox (40.91548pt too wide) in paragraph at lines 594--594
 |[]\EU1/lmr/m/sc/12 ComBat-corrected expression data still contains batch-asso
ciated
 []

[120] [121] [122] [123]
File: figures/encode_diffexpress.pdf Graphic file (type QTm)
 <use  "figures/encode_diffexpress.pdf" >
Overfull \hbox (9.696pt too wide) in paragraph at lines 641--642
[]\EU1/lmr/bx/n/12 A[] 
 []

File: figures/encode_diff_coex_density.pdf Graphic file (type QTm)
<use  "figures/encode_diff_coex_density.pdf" >
Overfull \hbox (9.6pt too wide) in paragraph at lines 642--652
[]\EU1/lmr/bx/n/12 B[] 
 []


Overfull \hbox (17.87547pt too wide) in paragraph at lines 658--658
 |[]\EU1/lmr/m/sc/12 CMA allows for separation of covariate specific modules wi
th
 []

[124] [125] [126] [127]
*************************************************
* fontspec warning: "addfontfeatures-ignored"
* 
* \addfontfeature(s) ignored; it cannot be used with a font that wasn't
* selected by fontspec.
*************************************************

Overfull \hbox (22.74762pt too wide) in paragraph at lines 714--727
 [][] 
 []

[128] [129]) [130]
\openout2 = `chapters/conclusion.aux'.

 (./chapters/conclusion.tex
Chapter 5.
[131



] [132] [133]) [134] (./endmatter/personalize.tex) (./dissertation.bbl
[135



] [136]
Underfull \hbox (badness 1194) in paragraph at lines 159--163
[]\EU1/lmr/m/n/10.95 de la Fuente, A. (2010).  From ’differential expression’to
 ’differential 
 []

[137] [138] [139] [140] [141] [142]
Underfull \hbox (badness 3039) in paragraph at lines 496--501
[]\EU1/lmr/m/n/10.95 Nemesh, J. & McCarroll, S. (2012).  Addressing cryptic rel
ated- 
 []


Underfull \hbox (badness 1270) in paragraph at lines 496--501
\EU1/lmr/m/n/10.95 ness in candidate samples for 1kg.  ftp://ftp.1000genomes.eb
i.ac.uk/ 
 []

[143] [144] [145] [146])
Package atveryend Info: Empty hook `BeforeClearDocument' on input line 48.
 [147]
Package atveryend Info: Empty hook `AfterLastShipout' on input line 48.
 (./dissertation.aux (./chapters/introduction.aux) (./chapters/chapter1.aux) (.
/chapters/chapter2.aux) (./chapters/chapter3.aux) (./chapters/conclusion.aux))
Package atveryend Info: Empty hook `AtVeryEndDocument' on input line 48.
Package atveryend Info: Empty hook `AtEndAfterFileList' on input line 48.


LaTeX Warning: There were undefined references.

 ) 
Here is how much of TeX's memory you used:
 26959 strings out of 493918
 486606 string characters out of 6150563
 635321 words of memory out of 5000000
 29785 multiletter control sequences out of 15000+600000
 19664 words of font info for 88 fonts, out of 8000000 for 9000
 1144 hyphenation exceptions out of 8191
 60i,12n,94p,10503b,716s stack positions out of 5000i,500n,10000p,200000b,80000s

Output written on dissertation.pdf (157 pages).
